#
# There is insufficient memory for the Java Runtime Environment to continue.
# Native memory allocation (mmap) failed to map 65536 bytes for Failed to commit metaspace.
# Possible reasons:
#   The system is out of physical RAM or swap space
#   The process is running with CompressedOops enabled, and the Java Heap may be blocking the growth of the native heap
# Possible solutions:
#   Reduce memory load on the system
#   Increase physical memory or swap space
#   Check if swap backing store is full
#   Decrease Java heap size (-Xmx/-Xms)
#   Decrease number of Java threads
#   Decrease Java thread stack sizes (-Xss)
#   Set larger code cache with -XX:ReservedCodeCacheSize=
#   JVM is running with Unscaled Compressed Oops mode in which the Java heap is
#     placed in the first 4GB address space. The Java Heap base address is the
#     maximum limit for the native heap growth. Please use -XX:HeapBaseMinAddress
#     to set the Java Heap base and to place the Java Heap above 4GB virtual address.
# This output file may be truncated or incomplete.
#
#  Out of Memory Error (virtualSpaceNode.cpp:110), pid=5728, tid=30980
#
# JRE version: Java(TM) SE Runtime Environment (20.0.1+9) (build 20.0.1+9-29)
# Java VM: Java HotSpot(TM) 64-Bit Server VM (20.0.1+9-29, mixed mode, sharing, tiered, compressed oops, compressed class ptrs, g1 gc, windows-amd64)
# No core dump will be written. Minidumps are not enabled by default on client versions of Windows
#

---------------  S U M M A R Y ------------

Command Line: -Dfile.encoding=UTF-8 --module-path=C:\Users\dell\OneDrive\Documents\NetBeansProjects\bank management system\build\classes bank.management.system.SignupOne

Host: Intel(R) Core(TM) i5-1035G1 CPU @ 1.00GHz, 8 cores, 7G,  Windows 10 , 64 bit Build 19041 (10.0.19041.4597)
Time: Thu Jul 25 11:44:33 2024 India Standard Time elapsed time: 0.627421 seconds (0d 0h 0m 0s)

---------------  T H R E A D  ---------------

Current thread (0x000001bf233fbd10):  JavaThread "AWT-EventQueue-0" [_thread_in_vm, id=30980, stack(0x0000009c5b500000,0x0000009c5b600000)]

Stack: [0x0000009c5b500000,0x0000009c5b600000]
Native frames: (J=compiled Java code, j=interpreted, Vv=VM code, C=native code)
V  [jvm.dll+0x6bb95a]
V  [jvm.dll+0x8485fa]
V  [jvm.dll+0x84a1f5]
V  [jvm.dll+0x84a8f3]
V  [jvm.dll+0x280b0f]
V  [jvm.dll+0x84453b]
V  [jvm.dll+0x65fd86]
V  [jvm.dll+0x65fdea]
V  [jvm.dll+0x6626c3]
V  [jvm.dll+0x66258e]
V  [jvm.dll+0x66079e]
V  [jvm.dll+0x21b8ee]
V  [jvm.dll+0x21c361]
V  [jvm.dll+0x211780]
V  [jvm.dll+0x59c26c]
V  [jvm.dll+0x222d6a]
V  [jvm.dll+0x7c2cb4]
V  [jvm.dll+0x7c3dff]
V  [jvm.dll+0x7c43af]
V  [jvm.dll+0x734912]
V  [jvm.dll+0x66dc82]
V  [jvm.dll+0x257bb9]
V  [jvm.dll+0x257ded]
V  [jvm.dll+0x246e27]
V  [jvm.dll+0x247440]
V  [jvm.dll+0x1aad11]
C  0x000001bf10a67178

Java frames: (J=compiled Java code, j=interpreted, Vv=VM code)
v  ~RuntimeStub::counter_overflow Runtime1 stub 0x000001bf10a67178
J 181 c1 java.nio.Buffer.session()Ljdk/internal/foreign/MemorySessionImpl; java.base@20.0.1 (20 bytes) @ 0x000001bf0942a5d8 [0x000001bf0942a3c0+0x0000000000000218]
j  java.nio.ByteBuffer.putBuffer(ILjava/nio/ByteBuffer;II)V+101 java.base@20.0.1
j  java.nio.ByteBuffer.put(Ljava/nio/ByteBuffer;)Ljava/nio/ByteBuffer;+100 java.base@20.0.1
j  java.nio.HeapByteBuffer.put(Ljava/nio/ByteBuffer;)Ljava/nio/ByteBuffer;+6 java.base@20.0.1
j  sun.nio.ch.IOUtil.read(Ljava/io/FileDescriptor;Ljava/nio/ByteBuffer;JZZILsun/nio/ch/NativeDispatcher;)I+107 java.base@20.0.1
j  sun.nio.ch.IOUtil.read(Ljava/io/FileDescriptor;Ljava/nio/ByteBuffer;JZILsun/nio/ch/NativeDispatcher;)I+10 java.base@20.0.1
j  sun.nio.ch.FileChannelImpl.read(Ljava/nio/ByteBuffer;)I+144 java.base@20.0.1
j  sun.font.TrueTypeFont.readBlock(II)Ljava/nio/ByteBuffer;+79 java.desktop@20.0.1
j  sun.font.TrueTypeFont.init(I)V+6 java.desktop@20.0.1
j  sun.font.TrueTypeFont.<init>(Ljava/lang/String;Ljava/lang/Object;IZZ)V+56 java.desktop@20.0.1
j  sun.font.TrueTypeFont.<init>(Ljava/lang/String;Ljava/lang/Object;IZ)V+7 java.desktop@20.0.1
j  sun.font.SunFontManager.resolveFontFiles(Ljava/util/HashSet;Ljava/util/ArrayList;)V+72 java.desktop@20.0.1
j  sun.font.SunFontManager.resolveWindowsFonts()V+364 java.desktop@20.0.1
j  sun.font.SunFontManager.getFullNameToFileMap()Ljava/util/HashMap;+83 java.desktop@20.0.1
j  sun.font.SunFontManager.findFontFromPlatform(Ljava/lang/String;I)Lsun/font/Font2D;+1 java.desktop@20.0.1
j  sun.font.SunFontManager.findFont2D(Ljava/lang/String;II)Lsun/font/Font2D;+453 java.desktop@20.0.1
j  java.awt.Font.getFont2D()Lsun/font/Font2D;+22 java.desktop@20.0.1
j  java.awt.Font$FontAccessImpl.getFont2D(Ljava/awt/Font;)Lsun/font/Font2D;+1 java.desktop@20.0.1
j  sun.font.FontUtilities.getFont2D(Ljava/awt/Font;)Lsun/font/Font2D;+4 java.desktop@20.0.1
j  sun.font.FontDesignMetrics.initMatrixAndMetrics()V+4 java.desktop@20.0.1
j  sun.font.FontDesignMetrics.<init>(Ljava/awt/Font;Ljava/awt/font/FontRenderContext;)V+62 java.desktop@20.0.1
j  sun.font.FontDesignMetrics.getMetrics(Ljava/awt/Font;Ljava/awt/font/FontRenderContext;)Lsun/font/FontDesignMetrics;+128 java.desktop@20.0.1
j  sun.swing.SwingUtilities2.getFontMetrics(Ljavax/swing/JComponent;Ljava/awt/Font;)Ljava/awt/FontMetrics;+15 java.desktop@20.0.1
j  javax.swing.JComponent.getFontMetrics(Ljava/awt/Font;)Ljava/awt/FontMetrics;+2 java.desktop@20.0.1
j  javax.swing.text.PlainView.calculateLongestLine()V+19 java.desktop@20.0.1
j  javax.swing.text.PlainView.updateMetrics()V+50 java.desktop@20.0.1
j  javax.swing.text.PlainView.setSize(FF)V+7 java.desktop@20.0.1
j  javax.swing.plaf.basic.BasicTextUI$RootView.setSize(FF)V+13 java.desktop@20.0.1
j  javax.swing.plaf.basic.BasicTextUI$RootView.paint(Ljava/awt/Graphics;Ljava/awt/Shape;)V+39 java.desktop@20.0.1
j  javax.swing.plaf.basic.BasicTextUI.paintSafely(Ljava/awt/Graphics;)V+65 java.desktop@20.0.1
j  javax.swing.plaf.basic.BasicTextUI.paint(Ljava/awt/Graphics;Ljavax/swing/JComponent;)V+45 java.desktop@20.0.1
j  javax.swing.plaf.basic.BasicTextUI.update(Ljava/awt/Graphics;Ljavax/swing/JComponent;)V+3 java.desktop@20.0.1
j  javax.swing.JComponent.paintComponent(Ljava/awt/Graphics;)V+26 java.desktop@20.0.1
j  javax.swing.JComponent.paint(Ljava/awt/Graphics;)V+286 java.desktop@20.0.1
j  javax.swing.JComponent.paintChildren(Ljava/awt/Graphics;)V+516 java.desktop@20.0.1
j  javax.swing.JComponent.paint(Ljava/awt/Graphics;)V+318 java.desktop@20.0.1
j  javax.swing.JComponent.paintChildren(Ljava/awt/Graphics;)V+516 java.desktop@20.0.1
j  javax.swing.JComponent.paint(Ljava/awt/Graphics;)V+318 java.desktop@20.0.1
j  javax.swing.JLayeredPane.paint(Ljava/awt/Graphics;)V+73 java.desktop@20.0.1
j  javax.swing.JComponent.paintChildren(Ljava/awt/Graphics;)V+516 java.desktop@20.0.1
j  javax.swing.JComponent.paintToOffscreen(Ljava/awt/Graphics;IIIIII)V+72 java.desktop@20.0.1
j  javax.swing.RepaintManager$PaintManager.paintDoubleBufferedFPScales(Ljavax/swing/JComponent;Ljava/awt/Image;Ljava/awt/Graphics;IIII)V+320 java.desktop@20.0.1
j  javax.swing.RepaintManager$PaintManager.paintDoubleBuffered(Ljavax/swing/JComponent;Ljava/awt/Image;Ljava/awt/Graphics;IIII)V+28 java.desktop@20.0.1
j  javax.swing.RepaintManager$PaintManager.paint(Ljavax/swing/JComponent;Ljavax/swing/JComponent;Ljava/awt/Graphics;IIII)Z+128 java.desktop@20.0.1
j  javax.swing.RepaintManager.paint(Ljavax/swing/JComponent;Ljavax/swing/JComponent;Ljava/awt/Graphics;IIII)V+52 java.desktop@20.0.1
j  javax.swing.JComponent.paint(Ljava/awt/Graphics;)V+221 java.desktop@20.0.1
j  java.awt.GraphicsCallback$PaintCallback.run(Ljava/awt/Component;Ljava/awt/Graphics;)V+2 java.desktop@20.0.1
j  sun.awt.SunGraphicsCallback.runOneComponent(Ljava/awt/Component;Ljava/awt/Rectangle;Ljava/awt/Graphics;Ljava/awt/Shape;I)V+130 java.desktop@20.0.1
j  sun.awt.SunGraphicsCallback.runComponents([Ljava/awt/Component;Ljava/awt/Graphics;I)V+157 java.desktop@20.0.1
j  java.awt.Container.paint(Ljava/awt/Graphics;)V+58 java.desktop@20.0.1
j  java.awt.Window.paint(Ljava/awt/Graphics;)V+68 java.desktop@20.0.1
j  javax.swing.RepaintManager$4.run()Ljava/lang/Void;+142 java.desktop@20.0.1
j  javax.swing.RepaintManager$4.run()Ljava/lang/Object;+1 java.desktop@20.0.1
J 1004 c1 java.security.AccessController.doPrivileged(Ljava/security/PrivilegedAction;Ljava/security/AccessControlContext;)Ljava/lang/Object; java.base@20.0.1 (17 bytes) @ 0x000001bf095745c4 [0x000001bf095743e0+0x00000000000001e4]
j  java.security.ProtectionDomain$JavaSecurityAccessImpl.doIntersectionPrivilege(Ljava/security/PrivilegedAction;Ljava/security/AccessControlContext;Ljava/security/AccessControlContext;)Ljava/lang/Object;+18 java.base@20.0.1
j  javax.swing.RepaintManager.paintDirtyRegions(Ljava/util/Map;)V+154 java.desktop@20.0.1
j  javax.swing.RepaintManager.paintDirtyRegions()V+46 java.desktop@20.0.1
j  javax.swing.RepaintManager.prePaintDirtyRegions()V+73 java.desktop@20.0.1
j  javax.swing.RepaintManager$ProcessingRunnable.run()V+37 java.desktop@20.0.1
j  java.awt.event.InvocationEvent.dispatch()V+47 java.desktop@20.0.1
j  java.awt.EventQueue.dispatchEventImpl(Ljava/awt/AWTEvent;Ljava/lang/Object;)V+21 java.desktop@20.0.1
j  java.awt.EventQueue$4.run()Ljava/lang/Void;+32 java.desktop@20.0.1
j  java.awt.EventQueue$4.run()Ljava/lang/Object;+1 java.desktop@20.0.1
J 1004 c1 java.security.AccessController.doPrivileged(Ljava/security/PrivilegedAction;Ljava/security/AccessControlContext;)Ljava/lang/Object; java.base@20.0.1 (17 bytes) @ 0x000001bf095745c4 [0x000001bf095743e0+0x00000000000001e4]
j  java.security.ProtectionDomain$JavaSecurityAccessImpl.doIntersectionPrivilege(Ljava/security/PrivilegedAction;Ljava/security/AccessControlContext;Ljava/security/AccessControlContext;)Ljava/lang/Object;+18 java.base@20.0.1
j  java.awt.EventQueue.dispatchEvent(Ljava/awt/AWTEvent;)V+46 java.desktop@20.0.1
j  java.awt.EventDispatchThread.pumpOneEventForFilters(I)V+81 java.desktop@20.0.1
j  java.awt.EventDispatchThread.pumpEventsForFilter(ILjava/awt/Conditional;Ljava/awt/EventFilter;)V+35 java.desktop@20.0.1
j  java.awt.EventDispatchThread.pumpEventsForHierarchy(ILjava/awt/Conditional;Ljava/awt/Component;)V+11 java.desktop@20.0.1
j  java.awt.EventDispatchThread.pumpEvents(ILjava/awt/Conditional;)V+4 java.desktop@20.0.1
j  java.awt.EventDispatchThread.pumpEvents(Ljava/awt/Conditional;)V+3 java.desktop@20.0.1
j  java.awt.EventDispatchThread.run()V+9 java.desktop@20.0.1
v  ~StubRoutines::call_stub 0x000001bf109310e7
--------------------------------------------------------------------------------
Decoding CodeBlob, name: counter_overflow Runtime1 stub, at  [0x000001bf10a67000, 0x000001bf10a67300]  768 bytes
[MachCode]
  0x000001bf10a67000: 5548 8bec | 4881 ec80 | 0000 0048 | 8944 2478 | 4889 4c24 | 7048 8954 | 2468 4889 | 5c24 6048 
  0x000001bf10a67020: 896c 2450 | 4889 7424 | 4848 897c | 2440 4c89 | 4424 384c | 894c 2430 | 4c89 5424 | 284c 895c 
  0x000001bf10a67040: 2420 4c89 | 6424 184c | 896c 2410 | 4c89 7424 | 084c 893c | 2448 81ec | 1004 0000 | c5fb 1144 
  0x000001bf10a67060: 2428 c5fb | 114c 2430 | c5fb 1154 | 2438 c5fb | 115c 2440 | c5fb 1164 | 2448 c5fb | 116c 2450 
  0x000001bf10a67080: c5fb 1174 | 2458 c5fb | 117c 2460 | c57b 1144 | 2468 c57b | 114c 2470 | c57b 1154 | 2478 c57b 
  0x000001bf10a670a0: 119c 2480 | 0000 00c5 | 7b11 a424 | 8800 0000 | c57b 11ac | 2490 0000 | 00c5 7b11 | b424 9800 
  0x000001bf10a670c0: 0000 c57b | 11bc 24a0 | 0000 0062 | e1ff 0811 | 4424 1562 | e1ff 0811 | 4c24 1662 | e1ff 0811 
  0x000001bf10a670e0: 5424 1762 | e1ff 0811 | 5c24 1862 | e1ff 0811 | 6424 1962 | e1ff 0811 | 6c24 1a62 | e1ff 0811 
  0x000001bf10a67100: 7424 1b62 | e1ff 0811 | 7c24 1c62 | 61ff 0811 | 4424 1d62 | 61ff 0811 | 4c24 1e62 | 61ff 0811 
  0x000001bf10a67120: 5424 1f62 | 61ff 0811 | 5c24 2062 | 61ff 0811 | 6424 2162 | 61ff 0811 | 6c24 2262 | 61ff 0811 
  0x000001bf10a67140: 7424 2362 | 61ff 0811 | 7c24 248b | 4510 488b | 5d18 488b | d04c 8bc3 | 498b cfc5 | f877 4989 
  0x000001bf10a67160: afd0 0200 | 0049 89a7 | c002 0000 | 48b8 90ab | 14fb fd7f | 0000 ffd0 | 49c7 87c0 | 0200 0000 
  0x000001bf10a67180: 0000 0049 | c787 d002 | 0000 0000 | 0000 49c7 | 87c8 0200 | 0000 0000 | 00c5 f877 | 4983 7f08 
  0x000001bf10a671a0: 000f 8409 | 0000 0049 | 8b47 08e9 | d086 f6ff | c5fb 1044 | 2428 c5fb | 104c 2430 | c5fb 1054 
  0x000001bf10a671c0: 2438 c5fb | 105c 2440 | c5fb 1064 | 2448 c5fb | 106c 2450 | c5fb 1074 | 2458 c5fb | 107c 2460 
  0x000001bf10a671e0: c57b 1044 | 2468 c57b | 104c 2470 | c57b 1054 | 2478 c57b | 109c 2480 | 0000 00c5 | 7b10 a424 
  0x000001bf10a67200: 8800 0000 | c57b 10ac | 2490 0000 | 00c5 7b10 | b424 9800 | 0000 c57b | 10bc 24a0 | 0000 0062 
  0x000001bf10a67220: e1ff 0810 | 4424 1562 | e1ff 0810 | 4c24 1662 | e1ff 0810 | 5424 1762 | e1ff 0810 | 5c24 1862 
  0x000001bf10a67240: e1ff 0810 | 6424 1962 | e1ff 0810 | 6c24 1a62 | e1ff 0810 | 7424 1b62 | e1ff 0810 | 7c24 1c62 
  0x000001bf10a67260: 61ff 0810 | 4424 1d62 | 61ff 0810 | 4c24 1e62 | 61ff 0810 | 5424 1f62 | 61ff 0810 | 5c24 2062 
  0x000001bf10a67280: 61ff 0810 | 6424 2162 | 61ff 0810 | 6c24 2262 | 61ff 0810 | 7424 2362 | 61ff 0810 | 7c24 2448 
  0x000001bf10a672a0: 81c4 1004 | 0000 4c8b | 3c24 4c8b | 7424 084c | 8b6c 2410 | 4c8b 6424 | 184c 8b5c | 2420 4c8b 
  0x000001bf10a672c0: 5424 284c | 8b4c 2430 | 4c8b 4424 | 3848 8b7c | 2440 488b | 7424 4848 | 8b6c 2450 | 488b 5c24 
  0x000001bf10a672e0: 6048 8b54 | 2468 488b | 4c24 7048 | 8b44 2478 | 4881 c480 | 0000 00c9 | c30f 1f80 | 0000 0000 
[/MachCode]
--------------------------------------------------------------------------------


Compiled method (c1)     659  181       3       java.nio.Buffer::session (20 bytes)
 total in heap  [0x000001bf0942a210,0x000001bf0942a730] = 1312
 relocation     [0x000001bf0942a358,0x000001bf0942a3b0] = 88
 main code      [0x000001bf0942a3c0,0x000001bf0942a658] = 664
 stub code      [0x000001bf0942a658,0x000001bf0942a6a0] = 72
 metadata       [0x000001bf0942a6a0,0x000001bf0942a6a8] = 8
 scopes data    [0x000001bf0942a6a8,0x000001bf0942a6c8] = 32
 scopes pcs     [0x000001bf0942a6c8,0x000001bf0942a728] = 96
 dependencies   [0x000001bf0942a728,0x000001bf0942a730] = 8

[Constant Pool (empty)]

[MachCode]
[Entry Point]
  # {method} {0x0000000800055cb8} 'session' '()Ljdk/internal/foreign/MemorySessionImpl;' in 'java/nio/Buffer'
  #           [sp+0x40]  (sp of caller)
  0x000001bf0942a3c0: 448b 5208 | 49bb 0000 | 0000 0800 | 0000 4d03 | d34c 3bd0 

  0x000001bf0942a3d4: ;   {runtime_call ic_miss_stub}
  0x000001bf0942a3d4: 0f85 26a1 | 5607 660f | 1f44 0000 
[Verified Entry Point]
  0x000001bf0942a3e0: 8984 2400 | 80ff ff55 | 4883 ec30 | 4181 7f20 | 0100 0000 

  0x000001bf0942a3f4: ;   {runtime_call StubRoutines (2)}
  0x000001bf0942a3f4: 7405 e8e5 

  0x000001bf0942a3f8: ;   {metadata(method data for {method} {0x0000000800055cb8} 'session' '()Ljdk/internal/foreign/MemorySessionImpl;' in 'java/nio/Buffer')}
  0x000001bf0942a3f8: 3855 0748 | beb8 8dcd | 1dbf 0100 | 008b becc | 0000 0083 | c702 89be | cc00 0000 | 81e7 fe07 
  0x000001bf0942a418: 0000 83ff | 000f 8499 | 0100 008b | 5224 4883 

  0x000001bf0942a428: ;   {metadata(method data for {method} {0x0000000800055cb8} 'session' '()Ljdk/internal/foreign/MemorySessionImpl;' in 'java/nio/Buffer')}
  0x000001bf0942a428: fa00 48be | b88d cd1d | bf01 0000 | 48bf 1001 | 0000 0000 | 0000 0f84 | 0a00 0000 | 48bf 2001 
  0x000001bf0942a448: 0000 0000 | 0000 488b | 1c3e 488d | 5b01 4889 | 1c3e 0f84 | 3f01 0000 | 4883 fa00 

  0x000001bf0942a464: ;   {metadata(method data for {method} {0x0000000800055cb8} 'session' '()Ljdk/internal/foreign/MemorySessionImpl;' in 'java/nio/Buffer')}
  0x000001bf0942a464: 7516 48bb | b88d cd1d | bf01 0000 | 808b 2901 | 0000 01e9 | f800 0000 | 0f1f 4000 

  0x000001bf0942a480: ;   {no_reloc}
  0x000001bf0942a480: e967 0100 | 0000 0000 | 0000 8b5a | 0849 ba00 | 0000 0008 | 0000 0049 | 03da 483b | d80f 8428 
  0x000001bf0942a4a0: 0000 008b | 7814 483b | 043b 0f84 | 1b00 0000 | 83ff 200f | 859f 0000 

  0x000001bf0942a4b8: ;   {runtime_call slow_subtype_check Runtime1 stub}
  0x000001bf0942a4b8: 0053 50e8 | 4095 6307 | 5b58 83f8 | 000f 848d 

  0x000001bf0942a4c8: ;   {metadata(method data for {method} {0x0000000800055cb8} 'session' '()Ljdk/internal/foreign/MemorySessionImpl;' in 'java/nio/Buffer')}
  0x000001bf0942a4c8: 0000 0048 | bbb8 8dcd | 1dbf 0100 | 008b 4208 | 49ba 0000 | 0000 0800 | 0000 4903 | c248 3b83 
  0x000001bf0942a4e8: 4001 0000 | 750d 4883 | 8348 0100 | 0001 e979 | 0000 0048 | 3b83 5001 | 0000 750d | 4883 8358 
  0x000001bf0942a508: 0100 0001 | e963 0000 | 0048 83bb | 4001 0000 | 0075 1748 | 8983 4001 | 0000 48c7 | 8348 0100 
  0x000001bf0942a528: 0001 0000 | 00e9 4200 | 0000 4883 | bb50 0100 | 0000 7517 | 4889 8350 | 0100 0048 | c783 5801 
  0x000001bf0942a548: 0000 0100 | 0000 e921 | 0000 00e9 | 1c00 0000 

  0x000001bf0942a558: ;   {metadata(method data for {method} {0x0000000800055cb8} 'session' '()Ljdk/internal/foreign/MemorySessionImpl;' in 'java/nio/Buffer')}
  0x000001bf0942a558: 48bb b88d | cd1d bf01 | 0000 4883 | ab30 0100 | 0001 e987 | 0000 00e9 | 0000 0000 | 488b f248 
  0x000001bf0942a578: 8bd6 6666 | 9048 b8ff | ffff ffff 

  0x000001bf0942a584: ;   {virtual_call}
  0x000001bf0942a584: ffff ffe8 

  0x000001bf0942a588: ; ImmutableOopMap {}
                      ;*invokevirtual sessionImpl {reexecute=0 rethrow=0 return_oop=0}
                      ; - java.nio.Buffer::session@14 (line 766)
  0x000001bf0942a588: 74a9 5607 | 4883 c430 

  0x000001bf0942a590: ;   {poll_return}
  0x000001bf0942a590: 5d49 3ba7 | 7803 0000 | 0f87 6100 

  0x000001bf0942a59c: ;   {oop(NULL)}
  0x000001bf0942a59c: 0000 c348 | b800 0000 | 0000 0000 | 0048 83c4 

  0x000001bf0942a5ac: ;   {poll_return}
  0x000001bf0942a5ac: 305d 493b | a778 0300 | 000f 875a | 0000 00c3 

  0x000001bf0942a5bc: ;   {metadata({method} {0x0000000800055cb8} 'session' '()Ljdk/internal/foreign/MemorySessionImpl;' in 'java/nio/Buffer')}
  0x000001bf0942a5bc: 49ba b05c | 0500 0800 | 0000 4c89 | 5424 0848 | c704 24ff 

  0x000001bf0942a5d0: ;   {runtime_call counter_overflow Runtime1 stub}
  0x000001bf0942a5d0: ffff ffe8 

  0x000001bf0942a5d4: ; ImmutableOopMap {rdx=Oop }
                      ;*synchronization entry
                      ; - java.nio.Buffer::session@-1 (line 765)
  0x000001bf0942a5d4: 28ca 6307 | e946 feff 

  0x000001bf0942a5dc: ;   {metadata(NULL)}
  0x000001bf0942a5dc: ff48 b800 | 0000 0000 | 0000 00b8 | 000f 050a 

  0x000001bf0942a5ec: ;   {runtime_call load_klass_patching Runtime1 stub}
  0x000001bf0942a5ec: e88f b363 

  0x000001bf0942a5f0: ; ImmutableOopMap {rdx=Oop }
                      ;*checkcast {reexecute=1 rethrow=0 return_oop=0}
                      ; - (reexecute) java.nio.Buffer::session@11 (line 766)
  0x000001bf0942a5f0: 07e9 8afe | ffff 4889 

  0x000001bf0942a5f8: ;   {runtime_call throw_class_cast_exception Runtime1 stub}
  0x000001bf0942a5f8: 1424 e801 

  0x000001bf0942a5fc: ; ImmutableOopMap {rdx=Oop }
                      ;*checkcast {reexecute=0 rethrow=0 return_oop=0}
                      ; - java.nio.Buffer::session@11 (line 766)
                      ;   {internal_word}
  0x000001bf0942a5fc: 8e63 0749 | ba91 a542 | 09bf 0100 | 004d 8997 | 9003 0000 

  0x000001bf0942a610: ;   {runtime_call SafepointBlob}
  0x000001bf0942a610: e9eb 2057 

  0x000001bf0942a614: ;   {internal_word}
  0x000001bf0942a614: 0749 baae | a542 09bf | 0100 004d | 8997 9003 

  0x000001bf0942a624: ;   {runtime_call SafepointBlob}
  0x000001bf0942a624: 0000 e9d5 | 2057 0749 | 8b87 2804 | 0000 49c7 | 8728 0400 | 0000 0000 | 0049 c787 | 3004 0000 
  0x000001bf0942a644: 0000 0000 | 4883 c430 

  0x000001bf0942a64c: ;   {runtime_call unwind_exception Runtime1 stub}
  0x000001bf0942a64c: 5de9 2e55 | 5a07 f4f4 | f4f4 f4f4 
[Stub Code]
  0x000001bf0942a658: ;   {no_reloc}
  0x000001bf0942a658: 0f1f 4400 

  0x000001bf0942a65c: ;   {static_stub}
  0x000001bf0942a65c: 0048 bb00 | 0000 0000 

  0x000001bf0942a664: ;   {runtime_call}
  0x000001bf0942a664: 0000 00e9 | fbff ffff 
[Exception Handler]
  0x000001bf0942a66c: ;   {runtime_call handle_exception_from_callee Runtime1 stub}
  0x000001bf0942a66c: e80f 8263 

  0x000001bf0942a670: ;   {external_word}
  0x000001bf0942a670: 0748 b9b0 | 238f fbfd | 7f00 0048 

  0x000001bf0942a67c: ;   {runtime_call}
  0x000001bf0942a67c: 83e4 f048 | b820 165b | fbfd 7f00 | 00ff d0f4 
[Deopt Handler Code]
  0x000001bf0942a68c: ;   {section_word}
  0x000001bf0942a68c: 49ba 8ca6 | 4209 bf01 | 0000 4152 

  0x000001bf0942a698: ;   {runtime_call DeoptimizationBlob}
  0x000001bf0942a698: e903 3557 | 07f4 f4f4 
[/MachCode]


Compiled method (c1)     666 1004       3       java.security.AccessController::doPrivileged (17 bytes)
 total in heap  [0x000001bf09574210,0x000001bf09574930] = 1824
 relocation     [0x000001bf09574358,0x000001bf095743e0] = 136
 main code      [0x000001bf095743e0,0x000001bf09574728] = 840
 stub code      [0x000001bf09574728,0x000001bf095747a0] = 120
 metadata       [0x000001bf095747a0,0x000001bf095747b8] = 24
 scopes data    [0x000001bf095747b8,0x000001bf09574868] = 176
 scopes pcs     [0x000001bf09574868,0x000001bf09574918] = 176
 dependencies   [0x000001bf09574918,0x000001bf09574920] = 8
 nul chk table  [0x000001bf09574920,0x000001bf09574930] = 16

[Constant Pool (empty)]

[MachCode]
[Verified Entry Point]
  # {method} {0x00000008004710f0} 'doPrivileged' '(Ljava/security/PrivilegedAction;Ljava/security/AccessControlContext;)Ljava/lang/Object;' in 'java/security/AccessController'
  # parm0:    rdx:rdx   = 'java/security/PrivilegedAction'
  # parm1:    r8:r8     = 'java/security/AccessControlContext'
  #           [sp+0x80]  (sp of caller)
  0x000001bf095743e0: 8984 2400 | 80ff ff55 | 4883 ec70 | 4181 7f20 | 0100 0000 

  0x000001bf095743f4: ;   {runtime_call StubRoutines (2)}
  0x000001bf095743f4: 7405 e8e5 

  0x000001bf095743f8: ;   {metadata(method data for {method} {0x00000008004710f0} 'doPrivileged' '(Ljava/security/PrivilegedAction;Ljava/security/AccessControlContext;)Ljava/lang/Object;' in 'java/security/AccessController')}
  0x000001bf095743f8: 9840 0748 | be48 122f | 1ebf 0100 | 008b becc | 0000 0083 | c702 89be | cc00 0000 | 81e7 fe07 
  0x000001bf09574418: 0000 83ff | 000f 843d | 0200 004c | 8944 2440 | 4889 5424 

  0x000001bf0957442c: ;   {metadata(method data for {method} {0x00000008004710f0} 'doPrivileged' '(Ljava/security/PrivilegedAction;Ljava/security/AccessControlContext;)Ljava/lang/Object;' in 'java/security/AccessController')}
  0x000001bf0957442c: 4848 be48 | 122f 1ebf | 0100 0048 | 8386 1001 

  0x000001bf0957443c: ;   {static_call}
  0x000001bf0957443c: 0000 01e8 

  0x000001bf09574440: ; ImmutableOopMap {[64]=Oop [72]=Oop }
                      ;*invokestatic getCallerClass {reexecute=0 rethrow=0 return_oop=0}
                      ; - java.security.AccessController::doPrivileged@0 (line 398)
  0x000001bf09574440: fc78 9807 

  0x000001bf09574444: ;   {metadata(method data for {method} {0x00000008004710f0} 'doPrivileged' '(Ljava/security/PrivilegedAction;Ljava/security/AccessControlContext;)Ljava/lang/Object;' in 'java/security/AccessController')}
  0x000001bf09574444: 48ba 4812 | 2f1e bf01 | 0000 4883 | 8220 0100 | 0001 488b | 5424 404c | 8bc0 4889 | 4424 500f 
  0x000001bf09574464: ;   {static_call}
  0x000001bf09574464: 1f40 00e8 

  0x000001bf09574468: ; ImmutableOopMap {[72]=Oop [80]=Oop }
                      ;*invokestatic checkContext {reexecute=0 rethrow=0 return_oop=0}
                      ; - java.security.AccessController::doPrivileged@6 (line 399)
  0x000001bf09574468: b4fa ffff | 4889 4424 

  0x000001bf09574470: ;   {metadata(method data for {method} {0x00000008004710f0} 'doPrivileged' '(Ljava/security/PrivilegedAction;Ljava/security/AccessControlContext;)Ljava/lang/Object;' in 'java/security/AccessController')}
  0x000001bf09574470: 5848 ba48 | 122f 1ebf | 0100 0048 | 8382 3001 

  0x000001bf09574480: ;   {metadata(method data for {method} {0x0000000800471378} 'executePrivileged' '(Ljava/security/PrivilegedAction;Ljava/security/AccessControlContext;Ljava/lang/Class;)Ljava/lang/Object;' in 'java/security/AccessController')}
  0x000001bf09574480: 0000 0148 | ba28 41d0 | 1dbf 0100 | 008b b2cc | 0000 0083 | c602 89b2 | cc00 0000 | 81e6 feff 
  0x000001bf095744a0: 1f00 83fe | 000f 84d6 | 0100 0048 

  0x000001bf095744ac: ;   {metadata(method data for {method} {0x0000000800471378} 'executePrivileged' '(Ljava/security/PrivilegedAction;Ljava/security/AccessControlContext;Ljava/lang/Class;)Ljava/lang/Object;' in 'java/security/AccessController')}
  0x000001bf095744ac: 83f8 0048 | ba28 41d0 | 1dbf 0100 | 0048 be10 | 0100 0000 | 0000 000f | 840a 0000 | 0048 be20 
  0x000001bf095744cc: 0100 0000 | 0000 0048 | 8b3c 3248 | 8d7f 0148 | 893c 320f | 841f 0000 

  0x000001bf095744e4: ;   {metadata(method data for {method} {0x0000000800471378} 'executePrivileged' '(Ljava/security/PrivilegedAction;Ljava/security/AccessControlContext;Ljava/lang/Class;)Ljava/lang/Object;' in 'java/security/AccessController')}
  0x000001bf095744e4: 0048 ba28 | 41d0 1dbf | 0100 0048 | 8382 3001 | 0000 0148 | 8bd0 0f1f 

  0x000001bf095744fc: ;   {static_call}
  0x000001bf095744fc: 4400 00e8 

  0x000001bf09574500: ; ImmutableOopMap {[72]=Oop [80]=Oop [88]=Oop }
                      ;*invokestatic ensureMaterializedForStackWalk {reexecute=0 rethrow=0 return_oop=0}
                      ; - java.security.AccessController::executePrivileged@5 (line 774)
                      ; - java.security.AccessController::doPrivileged@13 (line 400)
  0x000001bf09574500: 8702 0000 

  0x000001bf09574504: ;   {metadata(method data for {method} {0x0000000800471378} 'executePrivileged' '(Ljava/security/PrivilegedAction;Ljava/security/AccessControlContext;Ljava/lang/Class;)Ljava/lang/Object;' in 'java/security/AccessController')}
  0x000001bf09574504: 48ba 2841 | d01d bf01 | 0000 ff82 | 4001 0000 | 488b 5424 | 4848 3b02 

  0x000001bf0957451c: ;   {metadata(method data for {method} {0x0000000800471378} 'executePrivileged' '(Ljava/security/PrivilegedAction;Ljava/security/AccessControlContext;Ljava/lang/Class;)Ljava/lang/Object;' in 'java/security/AccessController')}
  0x000001bf0957451c: 488b f248 | bf28 41d0 | 1dbf 0100 | 008b 7608 | 49ba 0000 | 0000 0800 | 0000 4903 | f248 3bb7 
  0x000001bf0957453c: b001 0000 | 750d 4883 | 87b8 0100 | 0001 e960 | 0000 0048 | 3bb7 c001 | 0000 750d | 4883 87c8 
  0x000001bf0957455c: 0100 0001 | e94a 0000 | 0048 83bf | b001 0000 | 0075 1748 | 89b7 b001 | 0000 48c7 | 87b8 0100 
  0x000001bf0957457c: 0001 0000 | 00e9 2900 | 0000 4883 | bfc0 0100 | 0000 7517 | 4889 b7c0 | 0100 0048 | c787 c801 
  0x000001bf0957459c: 0000 0100 | 0000 e908 | 0000 0048 | 8387 a001 | 0000 0166 | 0f1f 4400 | 0048 b8ff | ffff ffff 
  0x000001bf095745bc: ;   {virtual_call}
  0x000001bf095745bc: ffff ffe8 

  0x000001bf095745c0: ; ImmutableOopMap {[80]=Oop [88]=Oop }
                      ;*invokeinterface run {reexecute=0 rethrow=0 return_oop=0}
                      ; - java.security.AccessController::executePrivileged@29 (line 778)
                      ; - java.security.AccessController::doPrivileged@13 (line 400)
  0x000001bf095745c0: 1ce8 4107 

  0x000001bf095745c4: ;   {metadata(method data for {method} {0x0000000800471378} 'executePrivileged' '(Ljava/security/PrivilegedAction;Ljava/security/AccessControlContext;Ljava/lang/Class;)Ljava/lang/Object;' in 'java/security/AccessController')}
  0x000001bf095745c4: 48be 2841 | d01d bf01 | 0000 ff86 | d801 0000 | 488b 7424 

  0x000001bf095745d8: ;   {metadata(method data for {method} {0x0000000800471378} 'executePrivileged' '(Ljava/security/PrivilegedAction;Ljava/security/AccessControlContext;Ljava/lang/Class;)Ljava/lang/Object;' in 'java/security/AccessController')}
  0x000001bf095745d8: 5048 bf28 | 41d0 1dbf | 0100 0048 | 8387 3802 

  0x000001bf095745e8: ;   {metadata(method data for {method} {0x000000080003d7e0} 'reachabilityFence' '(Ljava/lang/Object;)V' in 'java/lang/ref/Reference')}
  0x000001bf095745e8: 0000 0148 | bf78 88cd | 1dbf 0100 | 008b 9fcc | 0000 0083 | c302 899f | cc00 0000 | 81e3 feff 
  0x000001bf09574608: 1f00 83fb | 000f 8494 

  0x000001bf09574610: ;   {metadata(method data for {method} {0x0000000800471378} 'executePrivileged' '(Ljava/security/PrivilegedAction;Ljava/security/AccessControlContext;Ljava/lang/Class;)Ljava/lang/Object;' in 'java/security/AccessController')}
  0x000001bf09574610: 0000 0048 | be28 41d0 | 1dbf 0100 | 0048 8386 | 4802 0000 

  0x000001bf09574624: ;   {metadata(method data for {method} {0x000000080003d7e0} 'reachabilityFence' '(Ljava/lang/Object;)V' in 'java/lang/ref/Reference')}
  0x000001bf09574624: 0148 be78 | 88cd 1dbf | 0100 008b | becc 0000 | 0083 c702 | 89be cc00 | 0000 81e7 | feff 1f00 
  0x000001bf09574644: 83ff 000f | 847b 0000 | 0048 83c4 

  0x000001bf09574650: ;   {poll_return}
  0x000001bf09574650: 705d 493b | a778 0300 | 000f 878a | 0000 00c3 

  0x000001bf09574660: ;   {metadata({method} {0x00000008004710f0} 'doPrivileged' '(Ljava/security/PrivilegedAction;Ljava/security/AccessControlContext;)Ljava/lang/Object;' in 'java/security/AccessController')}
  0x000001bf09574660: 49ba e810 | 4700 0800 | 0000 4c89 | 5424 0848 | c704 24ff 

  0x000001bf09574674: ;   {runtime_call counter_overflow Runtime1 stub}
  0x000001bf09574674: ffff ffe8 

  0x000001bf09574678: ; ImmutableOopMap {rdx=Oop r8=Oop }
                      ;*synchronization entry
                      ; - java.security.AccessController::doPrivileged@-1 (line 398)
  0x000001bf09574678: 8429 4f07 | e9a2 fdff 

  0x000001bf09574680: ;   {metadata({method} {0x0000000800471378} 'executePrivileged' '(Ljava/security/PrivilegedAction;Ljava/security/AccessControlContext;Ljava/lang/Class;)Ljava/lang/Object;' in 'java/security/AccessController')}
  0x000001bf09574680: ff49 ba70 | 1347 0008 | 0000 004c | 8954 2408 | 48c7 0424 | ffff ffff 

  0x000001bf09574698: ;   {runtime_call counter_overflow Runtime1 stub}
  0x000001bf09574698: e863 294f 

  0x000001bf0957469c: ; ImmutableOopMap {rax=Oop [72]=Oop [80]=Oop [88]=Oop }
                      ;*synchronization entry
                      ; - java.security.AccessController::executePrivileged@-1 (line 773)
                      ; - java.security.AccessController::doPrivileged@13 (line 400)
  0x000001bf0957469c: 07e9 09fe 

  0x000001bf095746a0: ;   {runtime_call throw_null_pointer_exception Runtime1 stub}
  0x000001bf095746a0: ffff e859 

  0x000001bf095746a4: ; ImmutableOopMap {rdx=Oop [80]=Oop [88]=Oop }
                      ;*invokeinterface run {reexecute=0 rethrow=0 return_oop=0}
                      ; - java.security.AccessController::executePrivileged@29 (line 778)
                      ; - java.security.AccessController::doPrivileged@13 (line 400)
                      ;   {metadata({method} {0x000000080003d7e0} 'reachabilityFence' '(Ljava/lang/Object;)V' in 'java/lang/ref/Reference')}
  0x000001bf095746a4: a54e 0749 | bad8 d703 | 0008 0000 | 004c 8954 | 2408 48c7 | 0424 ffff 

  0x000001bf095746bc: ;   {runtime_call counter_overflow Runtime1 stub}
  0x000001bf095746bc: ffff e83d 

  0x000001bf095746c0: ; ImmutableOopMap {rax=Oop rsi=Oop }
                      ;*synchronization entry
                      ; - java.lang.ref.Reference::reachabilityFence@-1 (line 628)
                      ; - java.security.AccessController::executePrivileged@56 (line 783)
                      ; - java.security.AccessController::doPrivileged@13 (line 400)
  0x000001bf095746c0: 294f 07e9 | 4bff ffff 

  0x000001bf095746c8: ;   {metadata({method} {0x000000080003d7e0} 'reachabilityFence' '(Ljava/lang/Object;)V' in 'java/lang/ref/Reference')}
  0x000001bf095746c8: 49ba d8d7 | 0300 0800 | 0000 4c89 | 5424 0848 | c704 24ff 

  0x000001bf095746dc: ;   {runtime_call counter_overflow Runtime1 stub}
  0x000001bf095746dc: ffff ffe8 

  0x000001bf095746e0: ; ImmutableOopMap {rax=Oop }
                      ;*synchronization entry
                      ; - java.lang.ref.Reference::reachabilityFence@-1 (line 628)
                      ; - java.security.AccessController::executePrivileged@60 (line 784)
                      ; - java.security.AccessController::doPrivileged@13 (line 400)
  0x000001bf095746e0: 1c29 4f07 | e964 ffff 

  0x000001bf095746e8: ;   {internal_word}
  0x000001bf095746e8: ff49 ba52 | 4657 09bf | 0100 004d | 8997 9003 

  0x000001bf095746f8: ;   {runtime_call SafepointBlob}
  0x000001bf095746f8: 0000 e901 | 8042 0749 | 8b87 2804 | 0000 49c7 | 8728 0400 | 0000 0000 | 0049 c787 | 3004 0000 
  0x000001bf09574718: 0000 0000 | 4883 c470 

  0x000001bf09574720: ;   {runtime_call unwind_exception Runtime1 stub}
  0x000001bf09574720: 5de9 5ab4 | 4507 f4f4 
[Stub Code]
  0x000001bf09574728: ;   {no_reloc}
  0x000001bf09574728: 0f1f 4400 

  0x000001bf0957472c: ;   {static_stub}
  0x000001bf0957472c: 0048 bb00 | 0000 0000 

  0x000001bf09574734: ;   {runtime_call}
  0x000001bf09574734: 0000 00e9 | fbff ffff 
[Exception Handler]
  0x000001bf0957473c: ;   {runtime_call handle_exception_from_callee Runtime1 stub}
  0x000001bf0957473c: e83f e14e 

  0x000001bf09574740: ;   {external_word}
  0x000001bf09574740: 0748 b9b0 | 238f fbfd | 7f00 0048 

  0x000001bf0957474c: ;   {runtime_call}
  0x000001bf0957474c: 83e4 f048 | b820 165b | fbfd 7f00 | 00ff d0f4 
[Deopt Handler Code]
  0x000001bf0957475c: ;   {section_word}
  0x000001bf0957475c: 49ba 5c47 | 5709 bf01 | 0000 4152 

  0x000001bf09574768: ;   {runtime_call DeoptimizationBlob}
  0x000001bf09574768: e933 9442 

  0x000001bf0957476c: ;   {static_stub}
  0x000001bf0957476c: 0748 bb00 | 0000 0000 

  0x000001bf09574774: ;   {runtime_call}
  0x000001bf09574774: 0000 00e9 | fbff ffff 

  0x000001bf0957477c: ;   {static_stub}
  0x000001bf0957477c: 48bb 0000 | 0000 0000 

  0x000001bf09574784: ;   {runtime_call}
  0x000001bf09574784: 0000 e9fb 

  0x000001bf09574788: ;   {static_stub}
  0x000001bf09574788: ffff ff48 | bb98 1147 | 0008 0000 

  0x000001bf09574794: ;   {runtime_call I2C/C2I adapters}
  0x000001bf09574794: 00e9 3952 | 4207 f4f4 | f4f4 f4f4 
[/MachCode]


---------------  P R O C E S S  ---------------

Threads class SMR info:
_java_thread_list=0x000001bf7ed57f30, length=17, elements={
0x000001bf1d929790, 0x000001bf1d92c0a0, 0x000001bf1d92d850, 0x000001bf1d92e110,
0x000001bf1d92e750, 0x000001bf1d932da0, 0x000001bf1d93f1b0, 0x000001bf1d93f830,
0x000001bf21cbbbe0, 0x000001bf21dcd390, 0x000001bf21f71720, 0x000001bf21f76350,
0x000001bf21f79990, 0x000001bf2339c110, 0x000001bf233fbd10, 0x000001bf2352fdd0,
0x000001bf7ee4dff0
}

Java Threads: ( => current thread )
  0x000001bf1d929790 JavaThread "Reference Handler" daemon [_thread_blocked, id=30940, stack(0x0000009c5a600000,0x0000009c5a700000)]
  0x000001bf1d92c0a0 JavaThread "Finalizer" daemon [_thread_blocked, id=11020, stack(0x0000009c5a700000,0x0000009c5a800000)]
  0x000001bf1d92d850 JavaThread "Signal Dispatcher" daemon [_thread_blocked, id=29952, stack(0x0000009c5a800000,0x0000009c5a900000)]
  0x000001bf1d92e110 JavaThread "Attach Listener" daemon [_thread_blocked, id=29904, stack(0x0000009c5a900000,0x0000009c5aa00000)]
  0x000001bf1d92e750 JavaThread "Service Thread" daemon [_thread_blocked, id=31652, stack(0x0000009c5aa00000,0x0000009c5ab00000)]
  0x000001bf1d932da0 JavaThread "Monitor Deflation Thread" daemon [_thread_blocked, id=29892, stack(0x0000009c5ab00000,0x0000009c5ac00000)]
  0x000001bf1d93f1b0 JavaThread "C2 CompilerThread0" daemon [_thread_blocked, id=28900, stack(0x0000009c5ac00000,0x0000009c5ad00000)]
  0x000001bf1d93f830 JavaThread "C1 CompilerThread0" daemon [_thread_blocked, id=28556, stack(0x0000009c5ad00000,0x0000009c5ae00000)]
  0x000001bf21cbbbe0 JavaThread "Common-Cleaner" daemon [_thread_blocked, id=25912, stack(0x0000009c5ae00000,0x0000009c5af00000)]
  0x000001bf21dcd390 JavaThread "Notification Thread" daemon [_thread_blocked, id=25724, stack(0x0000009c5af00000,0x0000009c5b000000)]
  0x000001bf21f71720 JavaThread "Java2D Disposer" daemon [_thread_blocked, id=30604, stack(0x0000009c5b100000,0x0000009c5b200000)]
  0x000001bf21f76350 JavaThread "AWT-Shutdown" [_thread_blocked, id=30964, stack(0x0000009c5b200000,0x0000009c5b300000)]
  0x000001bf21f79990 JavaThread "AWT-Windows" daemon [_thread_in_native, id=30968, stack(0x0000009c5b300000,0x0000009c5b400000)]
  0x000001bf2339c110 JavaThread "C2 CompilerThread1" daemon [_thread_blocked, id=30976, stack(0x0000009c5b400000,0x0000009c5b500000)]
=>0x000001bf233fbd10 JavaThread "AWT-EventQueue-0" [_thread_in_vm, id=30980, stack(0x0000009c5b500000,0x0000009c5b600000)]
  0x000001bf2352fdd0 JavaThread "Image Fetcher 0" daemon [_thread_blocked, id=30368, stack(0x0000009c5b600000,0x0000009c5b700000)]
  0x000001bf7ee4dff0 JavaThread "DestroyJavaVM" [_thread_blocked, id=23688, stack(0x0000009c59f00000,0x0000009c5a000000)]

Other Threads:
  0x000001bf1d908470 VMThread "VM Thread" [stack: 0x0000009c5a500000,0x0000009c5a600000] [id=25952]
  0x000001bf21d986a0 WatcherThread "VM Periodic Task Thread" [stack: 0x0000009c5b000000,0x0000009c5b100000] [id=26800]
  0x000001bf7fbce600 WorkerThread "GC Thread#0" [stack: 0x0000009c5a000000,0x0000009c5a100000] [id=2516]
  0x000001bf7fbdff80 ConcurrentGCThread "G1 Main Marker" [stack: 0x0000009c5a100000,0x0000009c5a200000] [id=29496]
  0x000001bf7fbe1150 WorkerThread "G1 Conc#0" [stack: 0x0000009c5a200000,0x0000009c5a300000] [id=11380]
  0x000001bf1d7ca120 ConcurrentGCThread "G1 Refine#0" [stack: 0x0000009c5a300000,0x0000009c5a400000] [id=24788]
  0x000001bf1d7ca7d0 ConcurrentGCThread "G1 Service" [stack: 0x0000009c5a400000,0x0000009c5a500000] [id=11324]

Threads with active compile tasks:

VM state: not at safepoint (normal execution)

VM Mutex/Monitor currently owned by a thread:  ([mutex/lock_event])
[0x000001bf7fb71cb0] Metaspace_lock - owner thread: 0x000001bf233fbd10

Heap address: 0x0000000083a00000, size: 1990 MB, Compressed Oops mode: 32-bit

CDS archive(s) mapped at: [0x0000000800000000-0x0000000800c60000-0x0000000800c60000), size 12976128, SharedBaseAddress: 0x0000000800000000, ArchiveRelocationMode: 0.
Compressed class space mapped at: 0x0000000801000000-0x0000000841000000, reserved size: 1073741824
Narrow klass base: 0x0000000800000000, Narrow klass shift: 0, Narrow klass range: 0x100000000

GC Precious Log:
 CardTable entry size: 512
 Card Set container configuration: InlinePtr #cards 5 size 8 Array Of Cards #cards 12 size 40 Howl #buckets 4 coarsen threshold 1843 Howl Bitmap #cards 512 size 80 coarsen threshold 460 Card regions per heap region 1 cards per card region 2048
 CPUs: 8 total, 8 available
 Memory: 7959M
 Large Page Support: Disabled
 NUMA Support: Disabled
 Compressed Oops: Enabled (32-bit)
 Heap Region Size: 1M
 Heap Min Capacity: 8M
 Heap Initial Capacity: 126M
 Heap Max Capacity: 1990M
 Pre-touch: Disabled
 Parallel Workers: 8
 Concurrent Workers: 2
 Concurrent Refinement Workers: 8
 Periodic GC: Disabled

Heap:
 garbage-first heap   total 129024K, used 15360K [0x0000000083a00000, 0x0000000100000000)
  region size 1024K, 11 young (11264K), 0 survivors (0K)
 Metaspace       used 9668K, committed 9920K, reserved 1114112K
  class space    used 1196K, committed 1344K, reserved 1048576K

Heap Regions: E=young(eden), S=young(survivor), O=old, HS=humongous(starts), HC=humongous(continues), CS=collection set, F=free, OA=open archive, CA=closed archive, TAMS=top-at-mark-start, PB=parsable bottom
|   0|0x0000000083a00000, 0x0000000083b00000, 0x0000000083b00000|100%|HS|  |TAMS 0x0000000083a00000| PB 0x0000000083a00000| Complete 
|   1|0x0000000083b00000, 0x0000000083c00000, 0x0000000083c00000|100%|HC|  |TAMS 0x0000000083b00000| PB 0x0000000083b00000| Complete 
|   2|0x0000000083c00000, 0x0000000083d00000, 0x0000000083d00000|100%|HC|  |TAMS 0x0000000083c00000| PB 0x0000000083c00000| Complete 
|   3|0x0000000083d00000, 0x0000000083e00000, 0x0000000083e00000|100%|HC|  |TAMS 0x0000000083d00000| PB 0x0000000083d00000| Complete 
|   4|0x0000000083e00000, 0x0000000083f00000, 0x0000000083f00000|100%|HC|  |TAMS 0x0000000083e00000| PB 0x0000000083e00000| Complete 
|   5|0x0000000083f00000, 0x0000000083f00000, 0x0000000084000000|  0%| F|  |TAMS 0x0000000083f00000| PB 0x0000000083f00000| Untracked 
|   6|0x0000000084000000, 0x0000000084000000, 0x0000000084100000|  0%| F|  |TAMS 0x0000000084000000| PB 0x0000000084000000| Untracked 
|   7|0x0000000084100000, 0x0000000084100000, 0x0000000084200000|  0%| F|  |TAMS 0x0000000084100000| PB 0x0000000084100000| Untracked 
|   8|0x0000000084200000, 0x0000000084200000, 0x0000000084300000|  0%| F|  |TAMS 0x0000000084200000| PB 0x0000000084200000| Untracked 
|   9|0x0000000084300000, 0x0000000084300000, 0x0000000084400000|  0%| F|  |TAMS 0x0000000084300000| PB 0x0000000084300000| Untracked 
|  10|0x0000000084400000, 0x0000000084400000, 0x0000000084500000|  0%| F|  |TAMS 0x0000000084400000| PB 0x0000000084400000| Untracked 
|  11|0x0000000084500000, 0x0000000084500000, 0x0000000084600000|  0%| F|  |TAMS 0x0000000084500000| PB 0x0000000084500000| Untracked 
|  12|0x0000000084600000, 0x0000000084600000, 0x0000000084700000|  0%| F|  |TAMS 0x0000000084600000| PB 0x0000000084600000| Untracked 
|  13|0x0000000084700000, 0x0000000084700000, 0x0000000084800000|  0%| F|  |TAMS 0x0000000084700000| PB 0x0000000084700000| Untracked 
|  14|0x0000000084800000, 0x0000000084800000, 0x0000000084900000|  0%| F|  |TAMS 0x0000000084800000| PB 0x0000000084800000| Untracked 
|  15|0x0000000084900000, 0x0000000084900000, 0x0000000084a00000|  0%| F|  |TAMS 0x0000000084900000| PB 0x0000000084900000| Untracked 
|  16|0x0000000084a00000, 0x0000000084a00000, 0x0000000084b00000|  0%| F|  |TAMS 0x0000000084a00000| PB 0x0000000084a00000| Untracked 
|  17|0x0000000084b00000, 0x0000000084b00000, 0x0000000084c00000|  0%| F|  |TAMS 0x0000000084b00000| PB 0x0000000084b00000| Untracked 
|  18|0x0000000084c00000, 0x0000000084c00000, 0x0000000084d00000|  0%| F|  |TAMS 0x0000000084c00000| PB 0x0000000084c00000| Untracked 
|  19|0x0000000084d00000, 0x0000000084d00000, 0x0000000084e00000|  0%| F|  |TAMS 0x0000000084d00000| PB 0x0000000084d00000| Untracked 
|  20|0x0000000084e00000, 0x0000000084e00000, 0x0000000084f00000|  0%| F|  |TAMS 0x0000000084e00000| PB 0x0000000084e00000| Untracked 
|  21|0x0000000084f00000, 0x0000000084f00000, 0x0000000085000000|  0%| F|  |TAMS 0x0000000084f00000| PB 0x0000000084f00000| Untracked 
|  22|0x0000000085000000, 0x0000000085000000, 0x0000000085100000|  0%| F|  |TAMS 0x0000000085000000| PB 0x0000000085000000| Untracked 
|  23|0x0000000085100000, 0x0000000085100000, 0x0000000085200000|  0%| F|  |TAMS 0x0000000085100000| PB 0x0000000085100000| Untracked 
|  24|0x0000000085200000, 0x0000000085200000, 0x0000000085300000|  0%| F|  |TAMS 0x0000000085200000| PB 0x0000000085200000| Untracked 
|  25|0x0000000085300000, 0x0000000085300000, 0x0000000085400000|  0%| F|  |TAMS 0x0000000085300000| PB 0x0000000085300000| Untracked 
|  26|0x0000000085400000, 0x0000000085400000, 0x0000000085500000|  0%| F|  |TAMS 0x0000000085400000| PB 0x0000000085400000| Untracked 
|  27|0x0000000085500000, 0x0000000085500000, 0x0000000085600000|  0%| F|  |TAMS 0x0000000085500000| PB 0x0000000085500000| Untracked 
|  28|0x0000000085600000, 0x0000000085600000, 0x0000000085700000|  0%| F|  |TAMS 0x0000000085600000| PB 0x0000000085600000| Untracked 
|  29|0x0000000085700000, 0x0000000085700000, 0x0000000085800000|  0%| F|  |TAMS 0x0000000085700000| PB 0x0000000085700000| Untracked 
|  30|0x0000000085800000, 0x0000000085800000, 0x0000000085900000|  0%| F|  |TAMS 0x0000000085800000| PB 0x0000000085800000| Untracked 
|  31|0x0000000085900000, 0x0000000085900000, 0x0000000085a00000|  0%| F|  |TAMS 0x0000000085900000| PB 0x0000000085900000| Untracked 
|  32|0x0000000085a00000, 0x0000000085a00000, 0x0000000085b00000|  0%| F|  |TAMS 0x0000000085a00000| PB 0x0000000085a00000| Untracked 
|  33|0x0000000085b00000, 0x0000000085b00000, 0x0000000085c00000|  0%| F|  |TAMS 0x0000000085b00000| PB 0x0000000085b00000| Untracked 
|  34|0x0000000085c00000, 0x0000000085c00000, 0x0000000085d00000|  0%| F|  |TAMS 0x0000000085c00000| PB 0x0000000085c00000| Untracked 
|  35|0x0000000085d00000, 0x0000000085d00000, 0x0000000085e00000|  0%| F|  |TAMS 0x0000000085d00000| PB 0x0000000085d00000| Untracked 
|  36|0x0000000085e00000, 0x0000000085e00000, 0x0000000085f00000|  0%| F|  |TAMS 0x0000000085e00000| PB 0x0000000085e00000| Untracked 
|  37|0x0000000085f00000, 0x0000000085f00000, 0x0000000086000000|  0%| F|  |TAMS 0x0000000085f00000| PB 0x0000000085f00000| Untracked 
|  38|0x0000000086000000, 0x0000000086000000, 0x0000000086100000|  0%| F|  |TAMS 0x0000000086000000| PB 0x0000000086000000| Untracked 
|  39|0x0000000086100000, 0x0000000086100000, 0x0000000086200000|  0%| F|  |TAMS 0x0000000086100000| PB 0x0000000086100000| Untracked 
|  40|0x0000000086200000, 0x0000000086200000, 0x0000000086300000|  0%| F|  |TAMS 0x0000000086200000| PB 0x0000000086200000| Untracked 
|  41|0x0000000086300000, 0x0000000086300000, 0x0000000086400000|  0%| F|  |TAMS 0x0000000086300000| PB 0x0000000086300000| Untracked 
|  42|0x0000000086400000, 0x0000000086400000, 0x0000000086500000|  0%| F|  |TAMS 0x0000000086400000| PB 0x0000000086400000| Untracked 
|  43|0x0000000086500000, 0x0000000086500000, 0x0000000086600000|  0%| F|  |TAMS 0x0000000086500000| PB 0x0000000086500000| Untracked 
|  44|0x0000000086600000, 0x0000000086600000, 0x0000000086700000|  0%| F|  |TAMS 0x0000000086600000| PB 0x0000000086600000| Untracked 
|  45|0x0000000086700000, 0x0000000086700000, 0x0000000086800000|  0%| F|  |TAMS 0x0000000086700000| PB 0x0000000086700000| Untracked 
|  46|0x0000000086800000, 0x0000000086800000, 0x0000000086900000|  0%| F|  |TAMS 0x0000000086800000| PB 0x0000000086800000| Untracked 
|  47|0x0000000086900000, 0x0000000086900000, 0x0000000086a00000|  0%| F|  |TAMS 0x0000000086900000| PB 0x0000000086900000| Untracked 
|  48|0x0000000086a00000, 0x0000000086a00000, 0x0000000086b00000|  0%| F|  |TAMS 0x0000000086a00000| PB 0x0000000086a00000| Untracked 
|  49|0x0000000086b00000, 0x0000000086b00000, 0x0000000086c00000|  0%| F|  |TAMS 0x0000000086b00000| PB 0x0000000086b00000| Untracked 
|  50|0x0000000086c00000, 0x0000000086c00000, 0x0000000086d00000|  0%| F|  |TAMS 0x0000000086c00000| PB 0x0000000086c00000| Untracked 
|  51|0x0000000086d00000, 0x0000000086d00000, 0x0000000086e00000|  0%| F|  |TAMS 0x0000000086d00000| PB 0x0000000086d00000| Untracked 
|  52|0x0000000086e00000, 0x0000000086e00000, 0x0000000086f00000|  0%| F|  |TAMS 0x0000000086e00000| PB 0x0000000086e00000| Untracked 
|  53|0x0000000086f00000, 0x0000000086f00000, 0x0000000087000000|  0%| F|  |TAMS 0x0000000086f00000| PB 0x0000000086f00000| Untracked 
|  54|0x0000000087000000, 0x0000000087000000, 0x0000000087100000|  0%| F|  |TAMS 0x0000000087000000| PB 0x0000000087000000| Untracked 
|  55|0x0000000087100000, 0x0000000087100000, 0x0000000087200000|  0%| F|  |TAMS 0x0000000087100000| PB 0x0000000087100000| Untracked 
|  56|0x0000000087200000, 0x0000000087200000, 0x0000000087300000|  0%| F|  |TAMS 0x0000000087200000| PB 0x0000000087200000| Untracked 
|  57|0x0000000087300000, 0x0000000087300000, 0x0000000087400000|  0%| F|  |TAMS 0x0000000087300000| PB 0x0000000087300000| Untracked 
|  58|0x0000000087400000, 0x0000000087400000, 0x0000000087500000|  0%| F|  |TAMS 0x0000000087400000| PB 0x0000000087400000| Untracked 
|  59|0x0000000087500000, 0x0000000087500000, 0x0000000087600000|  0%| F|  |TAMS 0x0000000087500000| PB 0x0000000087500000| Untracked 
|  60|0x0000000087600000, 0x0000000087600000, 0x0000000087700000|  0%| F|  |TAMS 0x0000000087600000| PB 0x0000000087600000| Untracked 
|  61|0x0000000087700000, 0x0000000087700000, 0x0000000087800000|  0%| F|  |TAMS 0x0000000087700000| PB 0x0000000087700000| Untracked 
|  62|0x0000000087800000, 0x0000000087800000, 0x0000000087900000|  0%| F|  |TAMS 0x0000000087800000| PB 0x0000000087800000| Untracked 
|  63|0x0000000087900000, 0x0000000087900000, 0x0000000087a00000|  0%| F|  |TAMS 0x0000000087900000| PB 0x0000000087900000| Untracked 
|  64|0x0000000087a00000, 0x0000000087a00000, 0x0000000087b00000|  0%| F|  |TAMS 0x0000000087a00000| PB 0x0000000087a00000| Untracked 
|  65|0x0000000087b00000, 0x0000000087b00000, 0x0000000087c00000|  0%| F|  |TAMS 0x0000000087b00000| PB 0x0000000087b00000| Untracked 
|  66|0x0000000087c00000, 0x0000000087c00000, 0x0000000087d00000|  0%| F|  |TAMS 0x0000000087c00000| PB 0x0000000087c00000| Untracked 
|  67|0x0000000087d00000, 0x0000000087d00000, 0x0000000087e00000|  0%| F|  |TAMS 0x0000000087d00000| PB 0x0000000087d00000| Untracked 
|  68|0x0000000087e00000, 0x0000000087e00000, 0x0000000087f00000|  0%| F|  |TAMS 0x0000000087e00000| PB 0x0000000087e00000| Untracked 
|  69|0x0000000087f00000, 0x0000000087f00000, 0x0000000088000000|  0%| F|  |TAMS 0x0000000087f00000| PB 0x0000000087f00000| Untracked 
|  70|0x0000000088000000, 0x0000000088000000, 0x0000000088100000|  0%| F|  |TAMS 0x0000000088000000| PB 0x0000000088000000| Untracked 
|  71|0x0000000088100000, 0x0000000088100000, 0x0000000088200000|  0%| F|  |TAMS 0x0000000088100000| PB 0x0000000088100000| Untracked 
|  72|0x0000000088200000, 0x0000000088200000, 0x0000000088300000|  0%| F|  |TAMS 0x0000000088200000| PB 0x0000000088200000| Untracked 
|  73|0x0000000088300000, 0x0000000088300000, 0x0000000088400000|  0%| F|  |TAMS 0x0000000088300000| PB 0x0000000088300000| Untracked 
|  74|0x0000000088400000, 0x0000000088400000, 0x0000000088500000|  0%| F|  |TAMS 0x0000000088400000| PB 0x0000000088400000| Untracked 
|  75|0x0000000088500000, 0x0000000088500000, 0x0000000088600000|  0%| F|  |TAMS 0x0000000088500000| PB 0x0000000088500000| Untracked 
|  76|0x0000000088600000, 0x0000000088600000, 0x0000000088700000|  0%| F|  |TAMS 0x0000000088600000| PB 0x0000000088600000| Untracked 
|  77|0x0000000088700000, 0x0000000088700000, 0x0000000088800000|  0%| F|  |TAMS 0x0000000088700000| PB 0x0000000088700000| Untracked 
|  78|0x0000000088800000, 0x0000000088800000, 0x0000000088900000|  0%| F|  |TAMS 0x0000000088800000| PB 0x0000000088800000| Untracked 
|  79|0x0000000088900000, 0x0000000088900000, 0x0000000088a00000|  0%| F|  |TAMS 0x0000000088900000| PB 0x0000000088900000| Untracked 
|  80|0x0000000088a00000, 0x0000000088a00000, 0x0000000088b00000|  0%| F|  |TAMS 0x0000000088a00000| PB 0x0000000088a00000| Untracked 
|  81|0x0000000088b00000, 0x0000000088b00000, 0x0000000088c00000|  0%| F|  |TAMS 0x0000000088b00000| PB 0x0000000088b00000| Untracked 
|  82|0x0000000088c00000, 0x0000000088c00000, 0x0000000088d00000|  0%| F|  |TAMS 0x0000000088c00000| PB 0x0000000088c00000| Untracked 
|  83|0x0000000088d00000, 0x0000000088d00000, 0x0000000088e00000|  0%| F|  |TAMS 0x0000000088d00000| PB 0x0000000088d00000| Untracked 
|  84|0x0000000088e00000, 0x0000000088e00000, 0x0000000088f00000|  0%| F|  |TAMS 0x0000000088e00000| PB 0x0000000088e00000| Untracked 
|  85|0x0000000088f00000, 0x0000000088f00000, 0x0000000089000000|  0%| F|  |TAMS 0x0000000088f00000| PB 0x0000000088f00000| Untracked 
|  86|0x0000000089000000, 0x0000000089000000, 0x0000000089100000|  0%| F|  |TAMS 0x0000000089000000| PB 0x0000000089000000| Untracked 
|  87|0x0000000089100000, 0x0000000089100000, 0x0000000089200000|  0%| F|  |TAMS 0x0000000089100000| PB 0x0000000089100000| Untracked 
|  88|0x0000000089200000, 0x0000000089200000, 0x0000000089300000|  0%| F|  |TAMS 0x0000000089200000| PB 0x0000000089200000| Untracked 
|  89|0x0000000089300000, 0x0000000089300000, 0x0000000089400000|  0%| F|  |TAMS 0x0000000089300000| PB 0x0000000089300000| Untracked 
|  90|0x0000000089400000, 0x0000000089400000, 0x0000000089500000|  0%| F|  |TAMS 0x0000000089400000| PB 0x0000000089400000| Untracked 
|  91|0x0000000089500000, 0x0000000089500000, 0x0000000089600000|  0%| F|  |TAMS 0x0000000089500000| PB 0x0000000089500000| Untracked 
|  92|0x0000000089600000, 0x0000000089600000, 0x0000000089700000|  0%| F|  |TAMS 0x0000000089600000| PB 0x0000000089600000| Untracked 
|  93|0x0000000089700000, 0x0000000089700000, 0x0000000089800000|  0%| F|  |TAMS 0x0000000089700000| PB 0x0000000089700000| Untracked 
|  94|0x0000000089800000, 0x0000000089800000, 0x0000000089900000|  0%| F|  |TAMS 0x0000000089800000| PB 0x0000000089800000| Untracked 
|  95|0x0000000089900000, 0x0000000089900000, 0x0000000089a00000|  0%| F|  |TAMS 0x0000000089900000| PB 0x0000000089900000| Untracked 
|  96|0x0000000089a00000, 0x0000000089a00000, 0x0000000089b00000|  0%| F|  |TAMS 0x0000000089a00000| PB 0x0000000089a00000| Untracked 
|  97|0x0000000089b00000, 0x0000000089b00000, 0x0000000089c00000|  0%| F|  |TAMS 0x0000000089b00000| PB 0x0000000089b00000| Untracked 
|  98|0x0000000089c00000, 0x0000000089c00000, 0x0000000089d00000|  0%| F|  |TAMS 0x0000000089c00000| PB 0x0000000089c00000| Untracked 
|  99|0x0000000089d00000, 0x0000000089d00000, 0x0000000089e00000|  0%| F|  |TAMS 0x0000000089d00000| PB 0x0000000089d00000| Untracked 
| 100|0x0000000089e00000, 0x0000000089e00000, 0x0000000089f00000|  0%| F|  |TAMS 0x0000000089e00000| PB 0x0000000089e00000| Untracked 
| 101|0x0000000089f00000, 0x0000000089f00000, 0x000000008a000000|  0%| F|  |TAMS 0x0000000089f00000| PB 0x0000000089f00000| Untracked 
| 102|0x000000008a000000, 0x000000008a000000, 0x000000008a100000|  0%| F|  |TAMS 0x000000008a000000| PB 0x000000008a000000| Untracked 
| 103|0x000000008a100000, 0x000000008a100000, 0x000000008a200000|  0%| F|  |TAMS 0x000000008a100000| PB 0x000000008a100000| Untracked 
| 104|0x000000008a200000, 0x000000008a200000, 0x000000008a300000|  0%| F|  |TAMS 0x000000008a200000| PB 0x000000008a200000| Untracked 
| 105|0x000000008a300000, 0x000000008a300000, 0x000000008a400000|  0%| F|  |TAMS 0x000000008a300000| PB 0x000000008a300000| Untracked 
| 106|0x000000008a400000, 0x000000008a400000, 0x000000008a500000|  0%| F|  |TAMS 0x000000008a400000| PB 0x000000008a400000| Untracked 
| 107|0x000000008a500000, 0x000000008a500000, 0x000000008a600000|  0%| F|  |TAMS 0x000000008a500000| PB 0x000000008a500000| Untracked 
| 108|0x000000008a600000, 0x000000008a600000, 0x000000008a700000|  0%| F|  |TAMS 0x000000008a600000| PB 0x000000008a600000| Untracked 
| 109|0x000000008a700000, 0x000000008a700000, 0x000000008a800000|  0%| F|  |TAMS 0x000000008a700000| PB 0x000000008a700000| Untracked 
| 110|0x000000008a800000, 0x000000008a800000, 0x000000008a900000|  0%| F|  |TAMS 0x000000008a800000| PB 0x000000008a800000| Untracked 
| 111|0x000000008a900000, 0x000000008a900000, 0x000000008aa00000|  0%| F|  |TAMS 0x000000008a900000| PB 0x000000008a900000| Untracked 
| 112|0x000000008aa00000, 0x000000008aa00000, 0x000000008ab00000|  0%| F|  |TAMS 0x000000008aa00000| PB 0x000000008aa00000| Untracked 
| 113|0x000000008ab00000, 0x000000008ab00000, 0x000000008ac00000|  0%| F|  |TAMS 0x000000008ab00000| PB 0x000000008ab00000| Untracked 
| 114|0x000000008ac00000, 0x000000008ac00000, 0x000000008ad00000|  0%| F|  |TAMS 0x000000008ac00000| PB 0x000000008ac00000| Untracked 
| 115|0x000000008ad00000, 0x000000008ae00000, 0x000000008ae00000|100%| E|  |TAMS 0x000000008ad00000| PB 0x000000008ad00000| Complete 
| 116|0x000000008ae00000, 0x000000008af00000, 0x000000008af00000|100%| E|CS|TAMS 0x000000008ae00000| PB 0x000000008ae00000| Complete 
| 117|0x000000008af00000, 0x000000008b000000, 0x000000008b000000|100%| E|CS|TAMS 0x000000008af00000| PB 0x000000008af00000| Complete 
| 118|0x000000008b000000, 0x000000008b100000, 0x000000008b100000|100%| E|CS|TAMS 0x000000008b000000| PB 0x000000008b000000| Complete 
| 119|0x000000008b100000, 0x000000008b200000, 0x000000008b200000|100%| E|CS|TAMS 0x000000008b100000| PB 0x000000008b100000| Complete 
| 120|0x000000008b200000, 0x000000008b300000, 0x000000008b300000|100%| E|CS|TAMS 0x000000008b200000| PB 0x000000008b200000| Complete 
| 121|0x000000008b300000, 0x000000008b400000, 0x000000008b400000|100%| E|CS|TAMS 0x000000008b300000| PB 0x000000008b300000| Complete 
| 122|0x000000008b400000, 0x000000008b500000, 0x000000008b500000|100%| E|CS|TAMS 0x000000008b400000| PB 0x000000008b400000| Complete 
| 123|0x000000008b500000, 0x000000008b600000, 0x000000008b600000|100%| E|CS|TAMS 0x000000008b500000| PB 0x000000008b500000| Complete 
| 124|0x000000008b600000, 0x000000008b700000, 0x000000008b700000|100%| E|CS|TAMS 0x000000008b600000| PB 0x000000008b600000| Complete 
| 125|0x000000008b700000, 0x000000008b800000, 0x000000008b800000|100%| E|CS|TAMS 0x000000008b700000| PB 0x000000008b700000| Complete 

Card table byte_map: [0x000001bf187f0000,0x000001bf18be0000] _byte_map_base: 0x000001bf183d3000

Marking Bits: (CMBitMap*) 0x000001bf7fbcfc40
 Bits: [0x000001bf18fd0000, 0x000001bf1aee8000)

Polling page: 0x000001bf7ef70000

Metaspace:

Usage:
  Non-class:      8.27 MB used.
      Class:      1.17 MB used.
       Both:      9.44 MB used.

Virtual space:
  Non-class space:       64.00 MB reserved,       8.38 MB ( 13%) committed,  1 nodes.
      Class space:        1.00 GB reserved,       1.31 MB ( <1%) committed,  1 nodes.
             Both:        1.06 GB reserved,       9.69 MB ( <1%) committed. 

Chunk freelists:
   Non-Class:  2.98 MB
       Class:  2.72 MB
        Both:  5.71 MB

MaxMetaspaceSize: unlimited
CompressedClassSpaceSize: 1.00 GB
Initial GC threshold: 21.00 MB
Current GC threshold: 21.00 MB
CDS: on
MetaspaceReclaimPolicy: balanced
 - commit_granule_bytes: 65536.
 - commit_granule_words: 8192.
 - virtual_space_node_default_size: 8388608.
 - enlarge_chunks_in_place: 1.
 - new_chunks_are_fully_committed: 0.
 - uncommit_free_chunks: 1.
 - use_allocation_guard: 0.


Internal statistics:

num_allocs_failed_limit: 0.
num_arena_births: 164.
num_arena_deaths: 0.
num_vsnodes_births: 2.
num_vsnodes_deaths: 0.
num_space_committed: 155.
num_space_uncommitted: 0.
num_chunks_returned_to_freelist: 0.
num_chunks_taken_from_freelist: 227.
num_chunk_merges: 0.
num_chunk_splits: 132.
num_chunks_enlarged: 54.
num_inconsistent_stats: 0.

CodeHeap 'non-profiled nmethods': size=120000Kb used=365Kb max_used=365Kb free=119634Kb
 bounds [0x000001bf10ed0000, 0x000001bf11140000, 0x000001bf18400000]
CodeHeap 'profiled nmethods': size=120000Kb used=1686Kb max_used=1686Kb free=118313Kb
 bounds [0x000001bf09400000, 0x000001bf09670000, 0x000001bf10930000]
CodeHeap 'non-nmethods': size=5760Kb used=1778Kb max_used=1793Kb free=3981Kb
 bounds [0x000001bf10930000, 0x000001bf10ba0000, 0x000001bf10ed0000]
 total_blobs=1777 nmethods=1141 adapters=547
 compilation: enabled
              stopped_count=0, restarted_count=0
 full_count=0

Compilation events (20 events):
Event: 0.610 Thread 0x000001bf1d93f830 nmethod 1129 0x000001bf095a0390 code [0x000001bf095a0540, 0x000001bf095a0668]
Event: 0.612 Thread 0x000001bf1d93f830 1130       3       java.util.HashMap::containsKey (14 bytes)
Event: 0.612 Thread 0x000001bf1d93f830 nmethod 1130 0x000001bf095a0710 code [0x000001bf095a08a0, 0x000001bf095a0a38]
Event: 0.612 Thread 0x000001bf1d93f830 1131       3       java.lang.StringLatin1::toLowerCase (186 bytes)
Event: 0.613 Thread 0x000001bf1d93f830 nmethod 1131 0x000001bf095a0b10 code [0x000001bf095a0d80, 0x000001bf095a1898]
Event: 0.613 Thread 0x000001bf1d93f830 1132       3       java.lang.String::toLowerCase (29 bytes)
Event: 0.613 Thread 0x000001bf1d93f830 nmethod 1132 0x000001bf095a1c90 code [0x000001bf095a1e40, 0x000001bf095a2100]
Event: 0.614 Thread 0x000001bf2339c110 1133       4       java.lang.CharacterDataLatin1::toLowerCase (39 bytes)
Event: 0.615 Thread 0x000001bf2339c110 nmethod 1133 0x000001bf10f29290 code [0x000001bf10f29400, 0x000001bf10f294f0]
Event: 0.617 Thread 0x000001bf1d93f1b0 1134       4       java.util.HashMap::resize (356 bytes)
Event: 0.620 Thread 0x000001bf2339c110 1135       4       java.lang.StringLatin1::toLowerCase (186 bytes)
Event: 0.621 Thread 0x000001bf1d93f830 1136       3       java.util.ArrayList::<init> (61 bytes)
Event: 0.621 Thread 0x000001bf1d93f830 nmethod 1136 0x000001bf095a2210 code [0x000001bf095a2460, 0x000001bf095a2d28]
Event: 0.624 Thread 0x000001bf1d93f830 1137       3       java.util.HashMap$EntryIterator::next (5 bytes)
Event: 0.624 Thread 0x000001bf1d93f830 nmethod 1137 0x000001bf095a3010 code [0x000001bf095a31a0, 0x000001bf095a3330]
Event: 0.624 Thread 0x000001bf1d93f830 1138       3       java.util.HashMap$EntryIterator::next (5 bytes)
Event: 0.624 Thread 0x000001bf1d93f830 nmethod 1138 0x000001bf095a3410 code [0x000001bf095a35a0, 0x000001bf095a36d8]
Event: 0.624 Thread 0x000001bf1d93f830 1140       3       java.util.HashMap::removeNode (291 bytes)
Event: 0.625 Thread 0x000001bf1d93f830 nmethod 1140 0x000001bf095a3790 code [0x000001bf095a3a00, 0x000001bf095a4cf8]
Event: 0.626 Thread 0x000001bf1d93f830 1139       3       java.util.HashMap::remove (26 bytes)

GC Heap History (0 events):
No events

Dll operation events (10 events):
Event: 0.010 Loaded shared library C:\Program Files\Java\jdk-20\bin\java.dll
Event: 0.022 Loaded shared library C:\Program Files\Java\jdk-20\bin\jsvml.dll
Event: 0.068 Loaded shared library C:\Program Files\Java\jdk-20\bin\net.dll
Event: 0.070 Loaded shared library C:\Program Files\Java\jdk-20\bin\nio.dll
Event: 0.090 Loaded shared library C:\Program Files\Java\jdk-20\bin\zip.dll
Event: 0.105 Loaded shared library C:\Program Files\Java\jdk-20\bin\jimage.dll
Event: 0.121 Loaded shared library C:\Program Files\Java\jdk-20\bin\awt.dll
Event: 0.271 Loaded shared library C:\Program Files\Java\jdk-20\bin\verify.dll
Event: 0.343 Loaded shared library C:\Program Files\Java\jdk-20\bin\freetype.dll
Event: 0.345 Loaded shared library C:\Program Files\Java\jdk-20\bin\fontmanager.dll

Deoptimization events (20 events):
Event: 0.352 Thread 0x000001bf7ee4dff0 DEOPT PACKING pc=0x000001bf10f037d4 sp=0x0000009c59ffd780
Event: 0.352 Thread 0x000001bf7ee4dff0 DEOPT UNPACKING pc=0x000001bf1094d2a2 sp=0x0000009c59ffd6f0 mode 2
Event: 0.377 Thread 0x000001bf7ee4dff0 Uncommon trap: trap_request=0xffffff45 fr.pc=0x000001bf10f06744 relative=0x0000000000000144
Event: 0.377 Thread 0x000001bf7ee4dff0 Uncommon trap: reason=unstable_if action=reinterpret pc=0x000001bf10f06744 method=java.util.concurrent.locks.ReentrantLock$NonfairSync.initialTryLock()Z @ 10 c2
Event: 0.377 Thread 0x000001bf7ee4dff0 DEOPT PACKING pc=0x000001bf10f06744 sp=0x0000009c59ffe350
Event: 0.377 Thread 0x000001bf7ee4dff0 DEOPT UNPACKING pc=0x000001bf1094d2a2 sp=0x0000009c59ffe2f8 mode 2
Event: 0.377 Thread 0x000001bf7ee4dff0 Uncommon trap: trap_request=0xffffff45 fr.pc=0x000001bf10f06a4c relative=0x00000000000000cc
Event: 0.377 Thread 0x000001bf7ee4dff0 Uncommon trap: reason=unstable_if action=reinterpret pc=0x000001bf10f06a4c method=java.util.concurrent.locks.ReentrantLock$Sync.tryRelease(I)Z @ 26 c2
Event: 0.377 Thread 0x000001bf7ee4dff0 DEOPT PACKING pc=0x000001bf10f06a4c sp=0x0000009c59ffe350
Event: 0.377 Thread 0x000001bf7ee4dff0 DEOPT UNPACKING pc=0x000001bf1094d2a2 sp=0x0000009c59ffe2f0 mode 2
Event: 0.379 Thread 0x000001bf7ee4dff0 Uncommon trap: trap_request=0xffffff45 fr.pc=0x000001bf10f06d40 relative=0x0000000000000040
Event: 0.379 Thread 0x000001bf7ee4dff0 Uncommon trap: reason=unstable_if action=reinterpret pc=0x000001bf10f06d40 method=java.util.concurrent.locks.AbstractQueuedSynchronizer.signalNext(Ljava/util/concurrent/locks/AbstractQueuedSynchronizer$Node;)V @ 1 c2
Event: 0.379 Thread 0x000001bf7ee4dff0 DEOPT PACKING pc=0x000001bf10f06d40 sp=0x0000009c59ffe3f0
Event: 0.379 Thread 0x000001bf7ee4dff0 DEOPT UNPACKING pc=0x000001bf1094d2a2 sp=0x0000009c59ffe380 mode 2
Event: 0.473 Thread 0x000001bf2352fdd0 Uncommon trap: trap_request=0xffffff45 fr.pc=0x000001bf10efa9ec relative=0x00000000000004ac
Event: 0.474 Thread 0x000001bf2352fdd0 Uncommon trap: reason=unstable_if action=reinterpret pc=0x000001bf10efa9ec method=java.lang.StringLatin1.replace([BCC)Ljava/lang/String; @ 19 c2
Event: 0.474 Thread 0x000001bf2352fdd0 DEOPT PACKING pc=0x000001bf10efa9ec sp=0x0000009c5b6fefe0
Event: 0.474 Thread 0x000001bf2352fdd0 DEOPT UNPACKING pc=0x000001bf1094d2a2 sp=0x0000009c5b6fef60 mode 2
Event: 0.476 Thread 0x000001bf2352fdd0 DEOPT PACKING pc=0x000001bf09417157 sp=0x0000009c5b6ff100
Event: 0.476 Thread 0x000001bf2352fdd0 DEOPT UNPACKING pc=0x000001bf1099e462 sp=0x0000009c5b6fe520 mode 0

Classes loaded (20 events):
Event: 0.598 Loading class sun/awt/image/BufImgVolatileSurfaceManager done
Event: 0.599 Loading class java/awt/image/DataBufferInt
Event: 0.599 Loading class java/awt/image/DataBufferInt done
Event: 0.603 Loading class java/awt/image/SinglePixelPackedSampleModel
Event: 0.603 Loading class java/awt/image/SinglePixelPackedSampleModel done
Event: 0.603 Loading class sun/awt/image/IntegerInterleavedRaster
Event: 0.603 Loading class sun/awt/image/IntegerInterleavedRaster done
Event: 0.604 Loading class sun/awt/image/BufImgSurfaceData
Event: 0.605 Loading class sun/awt/image/BufImgSurfaceData done
Event: 0.605 Loading class sun/awt/image/BufImgSurfaceData$ICMColorData
Event: 0.605 Loading class sun/awt/image/BufImgSurfaceData$ICMColorData done
Event: 0.605 Loading class sun/awt/image/BufferedImageDevice
Event: 0.605 Loading class sun/awt/image/BufferedImageDevice done
Event: 0.610 Loading class sun/font/SunFontManager$FamilyDescription
Event: 0.610 Loading class sun/font/SunFontManager$FamilyDescription done
Event: 0.625 Loading class jdk/internal/foreign/MemorySessionImpl
Event: 0.625 Loading class java/lang/foreign/SegmentScope
Event: 0.625 Loading class java/lang/foreign/SegmentScope done
Event: 0.625 Loading class java/lang/foreign/SegmentAllocator
Event: 0.626 Loading class java/lang/foreign/SegmentAllocator done

Classes unloaded (0 events):
No events

Classes redefined (0 events):
No events

Internal exceptions (15 events):
Event: 0.071 Thread 0x000001bf7ee4dff0 Exception <a 'sun/nio/fs/WindowsException'{0x000000008b6441a8}> (0x000000008b6441a8) 
thrown [s\open\src\hotspot\share\prims\jni.cpp, line 519]
Event: 0.074 Thread 0x000001bf7ee4dff0 Exception <a 'sun/nio/fs/WindowsException'{0x000000008b6467e0}> (0x000000008b6467e0) 
thrown [s\open\src\hotspot\share\prims\jni.cpp, line 519]
Event: 0.075 Thread 0x000001bf7ee4dff0 Exception <a 'sun/nio/fs/WindowsException'{0x000000008b647348}> (0x000000008b647348) 
thrown [s\open\src\hotspot\share\prims\jni.cpp, line 519]
Event: 0.111 Thread 0x000001bf7ee4dff0 Exception <a 'java/lang/ClassNotFoundException'{0x000000008b5821f8}: sun/awt/resources/spi/awtProvider> (0x000000008b5821f8) 
thrown [s\open\src\hotspot\share\classfile\systemDictionary.cpp, line 305]
Event: 0.131 Thread 0x000001bf7ee4dff0 Exception <a 'java/io/FileNotFoundException'{0x000000008b5d88b8}> (0x000000008b5d88b8) 
thrown [s\open\src\hotspot\share\prims\jni.cpp, line 519]
Event: 0.137 Thread 0x000001bf7ee4dff0 Exception <a 'java/io/FileNotFoundException'{0x000000008b403118}> (0x000000008b403118) 
thrown [s\open\src\hotspot\share\prims\jni.cpp, line 519]
Event: 0.204 Thread 0x000001bf7ee4dff0 Exception <a 'java/lang/NoSuchMethodError'{0x000000008b321510}: 'void java.lang.invoke.DirectMethodHandle$Holder.invokeSpecial(java.lang.Object, java.lang.Object, java.lang.Object)'> (0x000000008b321510) 
thrown [s\open\src\hotspot\share\interpreter\linkResolver.cpp, line 773]
Event: 0.212 Thread 0x000001bf7ee4dff0 Exception <a 'java/lang/NoSuchMethodError'{0x000000008b34bc18}: 'java.lang.Object java.lang.invoke.DirectMethodHandle$Holder.newInvokeSpecial(java.lang.Object, java.lang.Object, java.lang.Object, java.lang.Object, java.lang.Object)'> (0x000000008b34bc18) 
thrown [s\open\src\hotspot\share\interpreter\linkResolver.cpp, line 773]
Event: 0.217 Thread 0x000001bf7ee4dff0 Exception <a 'java/lang/NoSuchMethodError'{0x000000008b37c7b0}: 'java.lang.Object java.lang.invoke.DirectMethodHandle$Holder.invokeStatic(java.lang.Object, int, java.lang.Object)'> (0x000000008b37c7b0) 
thrown [s\open\src\hotspot\share\interpreter\linkResolver.cpp, line 773]
Event: 0.236 Thread 0x000001bf7ee4dff0 Exception <a 'java/lang/ClassNotFoundException'{0x000000008b237d08}: com/sun/swing/internal/plaf/metal/resources/spi/metalProvider> (0x000000008b237d08) 
thrown [s\open\src\hotspot\share\classfile\systemDictionary.cpp, line 305]
Event: 0.237 Thread 0x000001bf7ee4dff0 Exception <a 'java/lang/ClassNotFoundException'{0x000000008b23bcb8}: com/sun/swing/internal/plaf/basic/resources/spi/basicProvider> (0x000000008b23bcb8) 
thrown [s\open\src\hotspot\share\classfile\systemDictionary.cpp, line 305]
Event: 0.244 Thread 0x000001bf7ee4dff0 Exception <a 'java/lang/NoSuchMethodError'{0x000000008b25ade8}: 'int java.lang.invoke.Invokers$Holder.invokeExact_MT(java.lang.Object, java.lang.Object)'> (0x000000008b25ade8) 
thrown [s\open\src\hotspot\share\interpreter\linkResolver.cpp, line 773]
Event: 0.478 Thread 0x000001bf2352fdd0 Exception <a 'java/lang/NoSuchMethodError'{0x000000008ae8a640}: 'java.lang.Object java.lang.invoke.DirectMethodHandle$Holder.newInvokeSpecial(java.lang.Object, java.lang.Object, java.lang.Object, int, int, int, int, int)'> (0x000000008ae8a640) 
thrown [s\open\src\hotspot\share\interpreter\linkResolver.cpp, line 773]
Event: 0.498 Thread 0x000001bf21f79990 Exception <a 'java/lang/NoSuchMethodError'{0x000000008b4fb9e8}: 'void java.lang.invoke.DirectMethodHandle$Holder.invokeVirtual(java.lang.Object, java.lang.Object)'> (0x000000008b4fb9e8) 
thrown [s\open\src\hotspot\share\interpreter\linkResolver.cpp, line 773]
Event: 0.516 Thread 0x000001bf7ee4dff0 Exception <a 'java/lang/NoSuchMethodError'{0x000000008ad902f8}: 'void java.lang.invoke.DirectMethodHandle$Holder.invokeStaticInit(java.lang.Object)'> (0x000000008ad902f8) 
thrown [s\open\src\hotspot\share\interpreter\linkResolver.cpp, line 773]

VM Operations (8 events):
Event: 0.076 Executing VM operation: HandshakeAllThreads
Event: 0.076 Executing VM operation: HandshakeAllThreads done
Event: 0.266 Executing VM operation: HandshakeAllThreads
Event: 0.266 Executing VM operation: HandshakeAllThreads done
Event: 0.310 Executing VM operation: HandshakeAllThreads
Event: 0.310 Executing VM operation: HandshakeAllThreads done
Event: 0.594 Executing VM operation: HandshakeAllThreads
Event: 0.594 Executing VM operation: HandshakeAllThreads done

Events (19 events):
Event: 0.023 Thread 0x000001bf7ee4dff0 Thread added: 0x000001bf7ee4dff0
Event: 0.036 Thread 0x000001bf1d929790 Thread added: 0x000001bf1d929790
Event: 0.036 Thread 0x000001bf1d92c0a0 Thread added: 0x000001bf1d92c0a0
Event: 0.036 Thread 0x000001bf1d92d850 Thread added: 0x000001bf1d92d850
Event: 0.036 Thread 0x000001bf1d92e110 Thread added: 0x000001bf1d92e110
Event: 0.036 Thread 0x000001bf1d92e750 Thread added: 0x000001bf1d92e750
Event: 0.036 Thread 0x000001bf1d932da0 Thread added: 0x000001bf1d932da0
Event: 0.037 Thread 0x000001bf1d93f1b0 Thread added: 0x000001bf1d93f1b0
Event: 0.037 Thread 0x000001bf1d93f830 Thread added: 0x000001bf1d93f830
Event: 0.057 Thread 0x000001bf21cbbbe0 Thread added: 0x000001bf21cbbbe0
Event: 0.086 Thread 0x000001bf21dcd390 Thread added: 0x000001bf21dcd390
Event: 0.173 Thread 0x000001bf21f71720 Thread added: 0x000001bf21f71720
Event: 0.175 Thread 0x000001bf21f76350 Thread added: 0x000001bf21f76350
Event: 0.176 Thread 0x000001bf21f79990 Thread added: 0x000001bf21f79990
Event: 0.327 Thread 0x000001bf2339c110 Thread added: 0x000001bf2339c110
Event: 0.377 Thread 0x000001bf233fbd10 Thread added: 0x000001bf233fbd10
Event: 0.472 Thread 0x000001bf2352fdd0 Thread added: 0x000001bf2352fdd0
Event: 0.593 Thread 0x000001bf7ee4dff0 Thread exited: 0x000001bf7ee4dff0
Event: 0.593 Thread 0x000001bf7ee4dff0 Thread added: 0x000001bf7ee4dff0


Dynamic libraries:
0x00007ff7c0270000 - 0x00007ff7c0280000 	C:\Program Files\Java\jdk-20\bin\java.exe
0x00007ffe78950000 - 0x00007ffe78b48000 	C:\Windows\SYSTEM32\ntdll.dll
0x00007ffe78840000 - 0x00007ffe78901000 	C:\Windows\System32\KERNEL32.DLL
0x00007ffe763f0000 - 0x00007ffe766e6000 	C:\Windows\System32\KERNELBASE.dll
0x00007ffe722c0000 - 0x00007ffe72354000 	C:\Windows\SYSTEM32\apphelp.dll
0x00007ffe767e0000 - 0x00007ffe768e0000 	C:\Windows\System32\ucrtbase.dll
0x00007ffe6c6a0000 - 0x00007ffe6c6bb000 	C:\Program Files\Java\jdk-20\bin\VCRUNTIME140.dll
0x00007ffe60a20000 - 0x00007ffe60a39000 	C:\Program Files\Java\jdk-20\bin\jli.dll
0x00007ffe77820000 - 0x00007ffe778d0000 	C:\Windows\System32\ADVAPI32.dll
0x00007ffe78660000 - 0x00007ffe786fe000 	C:\Windows\System32\msvcrt.dll
0x00007ffe781e0000 - 0x00007ffe78280000 	C:\Windows\System32\sechost.dll
0x00007ffe78350000 - 0x00007ffe78473000 	C:\Windows\System32\RPCRT4.dll
0x00007ffe767b0000 - 0x00007ffe767d7000 	C:\Windows\System32\bcrypt.dll
0x00007ffe779d0000 - 0x00007ffe77b6f000 	C:\Windows\System32\USER32.dll
0x00007ffe76140000 - 0x00007ffe76162000 	C:\Windows\System32\win32u.dll
0x00007ffe63fd0000 - 0x00007ffe6426a000 	C:\Windows\WinSxS\amd64_microsoft.windows.common-controls_6595b64144ccf1df_6.0.19041.4355_none_60b8b9eb71f62e16\COMCTL32.dll
0x00007ffe77c20000 - 0x00007ffe77c4b000 	C:\Windows\System32\GDI32.dll
0x00007ffe762d0000 - 0x00007ffe763e7000 	C:\Windows\System32\gdi32full.dll
0x00007ffe768e0000 - 0x00007ffe7697d000 	C:\Windows\System32\msvcp_win.dll
0x00007ffe6d800000 - 0x00007ffe6d80a000 	C:\Windows\SYSTEM32\VERSION.dll
0x00007ffe779a0000 - 0x00007ffe779cf000 	C:\Windows\System32\IMM32.DLL
0x00007ffe6edd0000 - 0x00007ffe6eddc000 	C:\Program Files\Java\jdk-20\bin\vcruntime140_1.dll
0x00007ffe41ea0000 - 0x00007ffe41f2e000 	C:\Program Files\Java\jdk-20\bin\msvcp140.dll
0x00007ffdfafa0000 - 0x00007ffdfbc37000 	C:\Program Files\Java\jdk-20\bin\server\jvm.dll
0x00007ffe63630000 - 0x00007ffe63639000 	C:\Windows\SYSTEM32\WSOCK32.dll
0x00007ffe5cf80000 - 0x00007ffe5cfa7000 	C:\Windows\SYSTEM32\WINMM.dll
0x00007ffe77c50000 - 0x00007ffe77cbb000 	C:\Windows\System32\WS2_32.dll
0x00007ffe74810000 - 0x00007ffe74822000 	C:\Windows\SYSTEM32\kernel.appcore.dll
0x00007ffe6eca0000 - 0x00007ffe6ecaa000 	C:\Program Files\Java\jdk-20\bin\jimage.dll
0x00007ffe73d60000 - 0x00007ffe73f44000 	C:\Windows\SYSTEM32\DBGHELP.DLL
0x00007ffe5d010000 - 0x00007ffe5d044000 	C:\Windows\SYSTEM32\dbgcore.DLL
0x00007ffe76000000 - 0x00007ffe76082000 	C:\Windows\System32\bcryptPrimitives.dll
0x00007ffe61db0000 - 0x00007ffe61dd6000 	C:\Program Files\Java\jdk-20\bin\java.dll
0x00007ffe41f30000 - 0x00007ffe42007000 	C:\Program Files\Java\jdk-20\bin\jsvml.dll
0x00007ffe76ee0000 - 0x00007ffe7764c000 	C:\Windows\System32\SHELL32.dll
0x00007ffe74060000 - 0x00007ffe747fe000 	C:\Windows\SYSTEM32\windows.storage.dll
0x00007ffe77e80000 - 0x00007ffe781d3000 	C:\Windows\System32\combase.dll
0x00007ffe75950000 - 0x00007ffe7597e000 	C:\Windows\SYSTEM32\Wldp.dll
0x00007ffe778d0000 - 0x00007ffe7799d000 	C:\Windows\System32\OLEAUT32.dll
0x00007ffe77b70000 - 0x00007ffe77c1d000 	C:\Windows\System32\SHCORE.dll
0x00007ffe782e0000 - 0x00007ffe78335000 	C:\Windows\System32\shlwapi.dll
0x00007ffe75f30000 - 0x00007ffe75f54000 	C:\Windows\SYSTEM32\profapi.dll
0x00007ffe62c20000 - 0x00007ffe62c33000 	C:\Program Files\Java\jdk-20\bin\net.dll
0x00007ffe6ccf0000 - 0x00007ffe6cdfa000 	C:\Windows\SYSTEM32\WINHTTP.dll
0x00007ffe756b0000 - 0x00007ffe7571a000 	C:\Windows\system32\mswsock.dll
0x00007ffe61ba0000 - 0x00007ffe61bb6000 	C:\Program Files\Java\jdk-20\bin\nio.dll
0x00007ffe5f490000 - 0x00007ffe5f4a8000 	C:\Program Files\Java\jdk-20\bin\zip.dll
0x00007ffe3fc40000 - 0x00007ffe3fdd1000 	C:\Program Files\Java\jdk-20\bin\awt.dll
0x00007ffe737d0000 - 0x00007ffe737ff000 	C:\Windows\system32\DWMAPI.DLL
0x00007ffe735e0000 - 0x00007ffe7367e000 	C:\Windows\system32\uxtheme.dll
0x00007ffe46c80000 - 0x00007ffe46da8000 	C:\Windows\system32\opengl32.dll
0x00007ffe473c0000 - 0x00007ffe473ec000 	C:\Windows\SYSTEM32\GLU32.dll
0x00007ffe78720000 - 0x00007ffe78834000 	C:\Windows\System32\MSCTF.dll
0x00007ffe78530000 - 0x00007ffe7865b000 	C:\Windows\System32\ole32.dll
0x00007ffe61960000 - 0x00007ffe61970000 	C:\Program Files\Java\jdk-20\bin\verify.dll
0x00007ffe36ac0000 - 0x00007ffe36b46000 	C:\Program Files\Java\jdk-20\bin\freetype.dll
0x00007ffe35d60000 - 0x00007ffe35e26000 	C:\Program Files\Java\jdk-20\bin\fontmanager.dll
0x00007ffe78480000 - 0x00007ffe78529000 	C:\Windows\System32\clbcatq.dll
0x00007ffe733e0000 - 0x00007ffe73596000 	C:\Windows\SYSTEM32\WindowsCodecs.dll
0x00007ffe45060000 - 0x00007ffe4509e000 	C:\Windows\system32\dataexchange.dll
0x00007ffe70980000 - 0x00007ffe70be3000 	C:\Windows\system32\d3d11.dll
0x00007ffe70bf0000 - 0x00007ffe70dd4000 	C:\Windows\system32\dcomp.dll
0x00007ffe74880000 - 0x00007ffe74975000 	C:\Windows\system32\dxgi.dll
0x00007ffe70060000 - 0x00007ffe70263000 	C:\Windows\system32\twinapi.appcore.dll
0x00007ffe6b100000 - 0x00007ffe6b1f9000 	C:\Windows\SYSTEM32\textinputframework.dll
0x00007ffe71430000 - 0x00007ffe7178b000 	C:\Windows\System32\CoreUIComponents.dll
0x00007ffe71b10000 - 0x00007ffe71c02000 	C:\Windows\System32\CoreMessaging.dll
0x00007ffe75110000 - 0x00007ffe75143000 	C:\Windows\SYSTEM32\ntmarta.dll
0x00007ffe726e0000 - 0x00007ffe72837000 	C:\Windows\SYSTEM32\wintypes.dll

dbghelp: loaded successfully - version: 4.0.5 - missing functions: none
symbol engine: initialized successfully - sym options: 0x614 - pdb path: .;C:\Program Files\Java\jdk-20\bin;C:\Windows\SYSTEM32;C:\Windows\WinSxS\amd64_microsoft.windows.common-controls_6595b64144ccf1df_6.0.19041.4355_none_60b8b9eb71f62e16;C:\Program Files\Java\jdk-20\bin\server

VM Arguments:
jvm_args: -Dfile.encoding=UTF-8 --module-path=C:\Users\dell\OneDrive\Documents\NetBeansProjects\bank management system\build\classes 
java_command: bank.management.system.SignupOne
java_class_path (initial): C:\Users\dell\OneDrive\Desktop\jcalendar-tz.jar;C:\Users\dell\OneDrive\Documents\NetBeansProjects\bank management system\build\classes
Launcher Type: SUN_STANDARD

[Global flags]
     intx CICompilerCount                          = 4                                         {product} {ergonomic}
     uint ConcGCThreads                            = 2                                         {product} {ergonomic}
     uint G1ConcRefinementThreads                  = 8                                         {product} {ergonomic}
   size_t G1HeapRegionSize                         = 1048576                                   {product} {ergonomic}
    uintx GCDrainStackTargetSize                   = 64                                        {product} {ergonomic}
   size_t InitialHeapSize                          = 132120576                                 {product} {ergonomic}
   size_t MarkStackSize                            = 4194304                                   {product} {ergonomic}
   size_t MaxHeapSize                              = 2086666240                                {product} {ergonomic}
   size_t MaxNewSize                               = 1251999744                                {product} {ergonomic}
   size_t MinHeapDeltaBytes                        = 1048576                                   {product} {ergonomic}
   size_t MinHeapSize                              = 8388608                                   {product} {ergonomic}
    uintx NonNMethodCodeHeapSize                   = 5839372                                {pd product} {ergonomic}
    uintx NonProfiledCodeHeapSize                  = 122909434                              {pd product} {ergonomic}
    uintx ProfiledCodeHeapSize                     = 122909434                              {pd product} {ergonomic}
    uintx ReservedCodeCacheSize                    = 251658240                              {pd product} {ergonomic}
     bool SegmentedCodeCache                       = true                                      {product} {ergonomic}
   size_t SoftMaxHeapSize                          = 2086666240                             {manageable} {ergonomic}
     bool UseCompressedClassPointers               = true                           {product lp64_product} {ergonomic}
     bool UseCompressedOops                        = true                           {product lp64_product} {ergonomic}
     bool UseG1GC                                  = true                                      {product} {ergonomic}
     bool UseLargePagesIndividualAllocation        = false                                  {pd product} {ergonomic}

Logging:
Log output configuration:
 #0: stdout all=warning uptime,level,tags foldmultilines=false
 #1: stderr all=off uptime,level,tags foldmultilines=false

Environment Variables:
JAVA_HOME=C:\Program Files\Java\jdk-20
PATH=C:\Program Files\Python312\Scripts\;C:\Program Files\Python312\;C:\Program Files\Common Files\Oracle\Java\javapath;C:\Program Files\Eclipse Foundation\jdk-11.0.12.7-hotspot\bin;C:\Windows\system32;C:\Windows;C:\Windows\System32\Wbem;C:\Windows\System32\WindowsPowerShell\v1.0\;C:\Windows\System32\OpenSSH\;C:\MinGW\bin;C:\Program Files\nodejs\;C:\Program Files\dotnet\;C:\Program Files\Git\cmd;C:\Program Files\Java\jdk-20\bin;C:\Program Files\MongoDB\Server\7.0\bin;C:\Program Files\MongoDB\mongosh-2.0.1-win32-x64\bin;C:\Program Files\MongoDB\Tools\100\bin;C:\Program Files\MySQL\MySQL Server 8.0\bin;C:\Program Files\MySQL\MySQL Shell 8.0\bin\;C:\Users\dell\AppData\Local\Programs\Python\Python39\Scripts\;C:\Users\dell\AppData\Local\Programs\Python\Python39\;C:\Users\dell\AppData\Local\Microsoft\WindowsApps;C:\Program Files\CodeBlocks\MinGW\bin;C:\Users\dell\AppData\Local\Programs\Microsoft VS Code\bin;C:\Users\dell\AppData\Roaming\npm;C:\Program Files\Git\bin;C:\Program Files\Git\cmd;C:\Users\dell\.ipython;C:\Users\dell\anaconda3\bin;;C:\IDE\IntelliJ IDEA Community Edition 2023.2.1\bin;
USERNAME=dell
OS=Windows_NT
PROCESSOR_IDENTIFIER=Intel64 Family 6 Model 126 Stepping 5, GenuineIntel
TMP=C:\Users\dell\AppData\Local\Temp
TEMP=C:\Users\dell\AppData\Local\Temp




---------------  S Y S T E M  ---------------

OS:
 Windows 10 , 64 bit Build 19041 (10.0.19041.4597)
OS uptime: 2 days 0:24 hours

CPU: total 8 (initial active 8) (4 cores per cpu, 2 threads per core) family 6 model 126 stepping 5 microcode 0xc2, cx8, cmov, fxsr, ht, mmx, 3dnowpref, sse, sse2, sse3, ssse3, sse4.1, sse4.2, popcnt, lzcnt, tsc, tscinvbit, avx, avx2, aes, erms, clmul, bmi1, bmi2, adx, avx512f, avx512dq, avx512cd, avx512bw, avx512vl, sha, fma, vzeroupper, avx512_vpopcntdq, avx512_vpclmulqdq, avx512_vaes, avx512_vnni, clflush, clflushopt, avx512_vbmi2, avx512_vbmi, rdtscp, rdpid, fsrm, gfni, avx512_bitalg, f16c, pku, avx512_ifma

Memory: 4k page, system-wide physical 7959M (605M free)
TotalPageFile size 32535M (AvailPageFile size 2M)
current process WorkingSet (physical memory assigned to process): 76M, peak: 77M
current process commit charge ("private bytes"): 228M, peak: 228M

vm_info: Java HotSpot(TM) 64-Bit Server VM (20.0.1+9-29) for windows-amd64 JRE (20.0.1+9-29), built on 2023-03-07T13:56:11Z by "mach5one" with MS VC++ 17.1 (VS2022)

END.
