#
# There is insufficient memory for the Java Runtime Environment to continue.
# Native memory allocation (malloc) failed to allocate 451536 bytes for Chunk::new
# Possible reasons:
#   The system is out of physical RAM or swap space
#   The process is running with CompressedOops enabled, and the Java Heap may be blocking the growth of the native heap
# Possible solutions:
#   Reduce memory load on the system
#   Increase physical memory or swap space
#   Check if swap backing store is full
#   Decrease Java heap size (-Xmx/-Xms)
#   Decrease number of Java threads
#   Decrease Java thread stack sizes (-Xss)
#   Set larger code cache with -XX:ReservedCodeCacheSize=
#   JVM is running with Unscaled Compressed Oops mode in which the Java heap is
#     placed in the first 4GB address space. The Java Heap base address is the
#     maximum limit for the native heap growth. Please use -XX:HeapBaseMinAddress
#     to set the Java Heap base and to place the Java Heap above 4GB virtual address.
# This output file may be truncated or incomplete.
#
#  Out of Memory Error (arena.cpp:184), pid=30112, tid=29732
#
# JRE version: Java(TM) SE Runtime Environment (20.0.1+9) (build 20.0.1+9-29)
# Java VM: Java HotSpot(TM) 64-Bit Server VM (20.0.1+9-29, mixed mode, sharing, tiered, compressed oops, compressed class ptrs, g1 gc, windows-amd64)
# No core dump will be written. Minidumps are not enabled by default on client versions of Windows
#

---------------  S U M M A R Y ------------

Command Line: -Dfile.encoding=UTF-8 --module-path=C:\Users\dell\OneDrive\Documents\NetBeansProjects\bank management system\build\classes bank.management.system.SignupOne

Host: Intel(R) Core(TM) i5-1035G1 CPU @ 1.00GHz, 8 cores, 7G,  Windows 10 , 64 bit Build 19041 (10.0.19041.4597)
Time: Thu Jul 25 11:41:22 2024 India Standard Time elapsed time: 0.987021 seconds (0d 0h 0m 0s)

---------------  T H R E A D  ---------------

Current thread (0x0000023800843810):  JavaThread "C2 CompilerThread1" daemon [_thread_in_native, id=29732, stack(0x000000e535c00000,0x000000e535d00000)]


Current CompileTask:
C2:    987 1438       4       sun.font.TrueTypeFont::initAllNames (182 bytes)

Stack: [0x000000e535c00000,0x000000e535d00000]
Native frames: (J=compiled Java code, j=interpreted, Vv=VM code, C=native code)
V  [jvm.dll+0x6bb95a]
V  [jvm.dll+0x8485fa]
V  [jvm.dll+0x84a1f5]
V  [jvm.dll+0x84a8f3]
V  [jvm.dll+0x280b0f]
V  [jvm.dll+0xc2b11]
V  [jvm.dll+0xc2e35]
V  [jvm.dll+0x2f5dbf]
V  [jvm.dll+0x5e32eb]
V  [jvm.dll+0x2543b4]
V  [jvm.dll+0x25477f]
V  [jvm.dll+0x24cf6d]
V  [jvm.dll+0x24a549]
V  [jvm.dll+0x1ce491]
V  [jvm.dll+0x259e1b]
V  [jvm.dll+0x2584f0]
V  [jvm.dll+0x3f2895]
V  [jvm.dll+0x7f4b56]
V  [jvm.dll+0x6ba5cb]
C  [ucrtbase.dll+0x21bb2]
C  [KERNEL32.DLL+0x17374]
C  [ntdll.dll+0x4cc91]


---------------  P R O C E S S  ---------------

Threads class SMR info:
_java_thread_list=0x0000023800b9a720, length=18, elements={
0x000002387ab58030, 0x000002387ab58f20, 0x000002387ab5d900, 0x000002387ab5ef50,
0x000002387ab601a0, 0x000002387ab6ad50, 0x000002387ab72fa0, 0x000002387ab95640,
0x000002387ab69810, 0x000002387ab6a800, 0x000002387ab6b7f0, 0x000002387ab6b2a0,
0x000002387ab69d60, 0x0000023800843810, 0x000002387ab6bd40, 0x000002387ab6a2b0,
0x000002387ab6c290, 0x0000023800bc8df0
}

Java Threads: ( => current thread )
  0x000002387ab58030 JavaThread "Reference Handler" daemon [_thread_blocked, id=10908, stack(0x000000e534e00000,0x000000e534f00000)]
  0x000002387ab58f20 JavaThread "Finalizer" daemon [_thread_blocked, id=29492, stack(0x000000e534f00000,0x000000e535000000)]
  0x000002387ab5d900 JavaThread "Signal Dispatcher" daemon [_thread_blocked, id=28524, stack(0x000000e535000000,0x000000e535100000)]
  0x000002387ab5ef50 JavaThread "Attach Listener" daemon [_thread_blocked, id=16076, stack(0x000000e535100000,0x000000e535200000)]
  0x000002387ab601a0 JavaThread "Service Thread" daemon [_thread_blocked, id=25208, stack(0x000000e535200000,0x000000e535300000)]
  0x000002387ab6ad50 JavaThread "Monitor Deflation Thread" daemon [_thread_blocked, id=14136, stack(0x000000e535300000,0x000000e535400000)]
  0x000002387ab72fa0 JavaThread "C2 CompilerThread0" daemon [_thread_blocked, id=28560, stack(0x000000e535400000,0x000000e535500000)]
  0x000002387ab95640 JavaThread "C1 CompilerThread0" daemon [_thread_blocked, id=27812, stack(0x000000e535500000,0x000000e535600000)]
  0x000002387ab69810 JavaThread "Common-Cleaner" daemon [_thread_blocked, id=30104, stack(0x000000e535600000,0x000000e535700000)]
  0x000002387ab6a800 JavaThread "Notification Thread" daemon [_thread_blocked, id=30460, stack(0x000000e535700000,0x000000e535800000)]
  0x000002387ab6b7f0 JavaThread "Java2D Disposer" daemon [_thread_blocked, id=3168, stack(0x000000e535900000,0x000000e535a00000)]
  0x000002387ab6b2a0 JavaThread "AWT-Shutdown" [_thread_blocked, id=21600, stack(0x000000e535a00000,0x000000e535b00000)]
  0x000002387ab69d60 JavaThread "AWT-Windows" daemon [_thread_in_native, id=27552, stack(0x000000e535b00000,0x000000e535c00000)]
=>0x0000023800843810 JavaThread "C2 CompilerThread1" daemon [_thread_in_native, id=29732, stack(0x000000e535c00000,0x000000e535d00000)]
  0x000002387ab6bd40 JavaThread "AWT-EventQueue-0" [_thread_blocked, id=29944, stack(0x000000e535d00000,0x000000e535e00000)]
  0x000002387ab6a2b0 JavaThread "Image Fetcher 0" daemon [_thread_blocked, id=4188, stack(0x000000e535e00000,0x000000e535f00000)]
  0x000002387ab6c290 JavaThread "DestroyJavaVM" [_thread_blocked, id=12524, stack(0x000000e534700000,0x000000e534800000)]
  0x0000023800bc8df0 JavaThread "TimerQueue" daemon [_thread_blocked, id=26836, stack(0x000000e536200000,0x000000e536300000)]

Other Threads:
  0x000002387ab36c00 VMThread "VM Thread" [stack: 0x000000e534d00000,0x000000e534e00000] [id=30164]
  0x000002387eeb21b0 WatcherThread "VM Periodic Task Thread" [stack: 0x000000e535800000,0x000000e535900000] [id=25660]
  0x000002385e2ad070 WorkerThread "GC Thread#0" [stack: 0x000000e534800000,0x000000e534900000] [id=30568]
  0x000002385e2be850 ConcurrentGCThread "G1 Main Marker" [stack: 0x000000e534900000,0x000000e534a00000] [id=19620]
  0x000002385e2bf280 WorkerThread "G1 Conc#0" [stack: 0x000000e534a00000,0x000000e534b00000] [id=22276]
  0x000002385e30e8d0 ConcurrentGCThread "G1 Refine#0" [stack: 0x000000e534b00000,0x000000e534c00000] [id=29304]
  0x000002387a9f64e0 ConcurrentGCThread "G1 Service" [stack: 0x000000e534c00000,0x000000e534d00000] [id=28876]

Threads with active compile tasks:
C2 CompilerThread1     1014 1438       4       sun.font.TrueTypeFont::initAllNames (182 bytes)

VM state: not at safepoint (normal execution)

VM Mutex/Monitor currently owned by a thread: None

Heap address: 0x0000000083a00000, size: 1990 MB, Compressed Oops mode: 32-bit

CDS archive(s) mapped at: [0x0000000800000000-0x0000000800c60000-0x0000000800c60000), size 12976128, SharedBaseAddress: 0x0000000800000000, ArchiveRelocationMode: 0.
Compressed class space mapped at: 0x0000000801000000-0x0000000841000000, reserved size: 1073741824
Narrow klass base: 0x0000000800000000, Narrow klass shift: 0, Narrow klass range: 0x100000000

GC Precious Log:
 CardTable entry size: 512
 Card Set container configuration: InlinePtr #cards 5 size 8 Array Of Cards #cards 12 size 40 Howl #buckets 4 coarsen threshold 1843 Howl Bitmap #cards 512 size 80 coarsen threshold 460 Card regions per heap region 1 cards per card region 2048
 CPUs: 8 total, 8 available
 Memory: 7959M
 Large Page Support: Disabled
 NUMA Support: Disabled
 Compressed Oops: Enabled (32-bit)
 Heap Region Size: 1M
 Heap Min Capacity: 8M
 Heap Initial Capacity: 126M
 Heap Max Capacity: 1990M
 Pre-touch: Disabled
 Parallel Workers: 8
 Concurrent Workers: 2
 Concurrent Refinement Workers: 8
 Periodic GC: Disabled

Heap:
 garbage-first heap   total 129024K, used 26624K [0x0000000083a00000, 0x0000000100000000)
  region size 1024K, 21 young (21504K), 0 survivors (0K)
 Metaspace       used 10563K, committed 10816K, reserved 1114112K
  class space    used 1261K, committed 1408K, reserved 1048576K

Heap Regions: E=young(eden), S=young(survivor), O=old, HS=humongous(starts), HC=humongous(continues), CS=collection set, F=free, OA=open archive, CA=closed archive, TAMS=top-at-mark-start, PB=parsable bottom
|   0|0x0000000083a00000, 0x0000000083b00000, 0x0000000083b00000|100%|HS|  |TAMS 0x0000000083a00000| PB 0x0000000083a00000| Complete 
|   1|0x0000000083b00000, 0x0000000083c00000, 0x0000000083c00000|100%|HC|  |TAMS 0x0000000083b00000| PB 0x0000000083b00000| Complete 
|   2|0x0000000083c00000, 0x0000000083d00000, 0x0000000083d00000|100%|HC|  |TAMS 0x0000000083c00000| PB 0x0000000083c00000| Complete 
|   3|0x0000000083d00000, 0x0000000083e00000, 0x0000000083e00000|100%|HC|  |TAMS 0x0000000083d00000| PB 0x0000000083d00000| Complete 
|   4|0x0000000083e00000, 0x0000000083f00000, 0x0000000083f00000|100%|HC|  |TAMS 0x0000000083e00000| PB 0x0000000083e00000| Complete 
|   5|0x0000000083f00000, 0x0000000084000000, 0x0000000084000000|100%|HC|  |TAMS 0x0000000083f00000| PB 0x0000000083f00000| Complete 
|   6|0x0000000084000000, 0x0000000084000000, 0x0000000084100000|  0%| F|  |TAMS 0x0000000084000000| PB 0x0000000084000000| Untracked 
|   7|0x0000000084100000, 0x0000000084100000, 0x0000000084200000|  0%| F|  |TAMS 0x0000000084100000| PB 0x0000000084100000| Untracked 
|   8|0x0000000084200000, 0x0000000084200000, 0x0000000084300000|  0%| F|  |TAMS 0x0000000084200000| PB 0x0000000084200000| Untracked 
|   9|0x0000000084300000, 0x0000000084300000, 0x0000000084400000|  0%| F|  |TAMS 0x0000000084300000| PB 0x0000000084300000| Untracked 
|  10|0x0000000084400000, 0x0000000084400000, 0x0000000084500000|  0%| F|  |TAMS 0x0000000084400000| PB 0x0000000084400000| Untracked 
|  11|0x0000000084500000, 0x0000000084500000, 0x0000000084600000|  0%| F|  |TAMS 0x0000000084500000| PB 0x0000000084500000| Untracked 
|  12|0x0000000084600000, 0x0000000084600000, 0x0000000084700000|  0%| F|  |TAMS 0x0000000084600000| PB 0x0000000084600000| Untracked 
|  13|0x0000000084700000, 0x0000000084700000, 0x0000000084800000|  0%| F|  |TAMS 0x0000000084700000| PB 0x0000000084700000| Untracked 
|  14|0x0000000084800000, 0x0000000084800000, 0x0000000084900000|  0%| F|  |TAMS 0x0000000084800000| PB 0x0000000084800000| Untracked 
|  15|0x0000000084900000, 0x0000000084900000, 0x0000000084a00000|  0%| F|  |TAMS 0x0000000084900000| PB 0x0000000084900000| Untracked 
|  16|0x0000000084a00000, 0x0000000084a00000, 0x0000000084b00000|  0%| F|  |TAMS 0x0000000084a00000| PB 0x0000000084a00000| Untracked 
|  17|0x0000000084b00000, 0x0000000084b00000, 0x0000000084c00000|  0%| F|  |TAMS 0x0000000084b00000| PB 0x0000000084b00000| Untracked 
|  18|0x0000000084c00000, 0x0000000084c00000, 0x0000000084d00000|  0%| F|  |TAMS 0x0000000084c00000| PB 0x0000000084c00000| Untracked 
|  19|0x0000000084d00000, 0x0000000084d00000, 0x0000000084e00000|  0%| F|  |TAMS 0x0000000084d00000| PB 0x0000000084d00000| Untracked 
|  20|0x0000000084e00000, 0x0000000084e00000, 0x0000000084f00000|  0%| F|  |TAMS 0x0000000084e00000| PB 0x0000000084e00000| Untracked 
|  21|0x0000000084f00000, 0x0000000084f00000, 0x0000000085000000|  0%| F|  |TAMS 0x0000000084f00000| PB 0x0000000084f00000| Untracked 
|  22|0x0000000085000000, 0x0000000085000000, 0x0000000085100000|  0%| F|  |TAMS 0x0000000085000000| PB 0x0000000085000000| Untracked 
|  23|0x0000000085100000, 0x0000000085100000, 0x0000000085200000|  0%| F|  |TAMS 0x0000000085100000| PB 0x0000000085100000| Untracked 
|  24|0x0000000085200000, 0x0000000085200000, 0x0000000085300000|  0%| F|  |TAMS 0x0000000085200000| PB 0x0000000085200000| Untracked 
|  25|0x0000000085300000, 0x0000000085300000, 0x0000000085400000|  0%| F|  |TAMS 0x0000000085300000| PB 0x0000000085300000| Untracked 
|  26|0x0000000085400000, 0x0000000085400000, 0x0000000085500000|  0%| F|  |TAMS 0x0000000085400000| PB 0x0000000085400000| Untracked 
|  27|0x0000000085500000, 0x0000000085500000, 0x0000000085600000|  0%| F|  |TAMS 0x0000000085500000| PB 0x0000000085500000| Untracked 
|  28|0x0000000085600000, 0x0000000085600000, 0x0000000085700000|  0%| F|  |TAMS 0x0000000085600000| PB 0x0000000085600000| Untracked 
|  29|0x0000000085700000, 0x0000000085700000, 0x0000000085800000|  0%| F|  |TAMS 0x0000000085700000| PB 0x0000000085700000| Untracked 
|  30|0x0000000085800000, 0x0000000085800000, 0x0000000085900000|  0%| F|  |TAMS 0x0000000085800000| PB 0x0000000085800000| Untracked 
|  31|0x0000000085900000, 0x0000000085900000, 0x0000000085a00000|  0%| F|  |TAMS 0x0000000085900000| PB 0x0000000085900000| Untracked 
|  32|0x0000000085a00000, 0x0000000085a00000, 0x0000000085b00000|  0%| F|  |TAMS 0x0000000085a00000| PB 0x0000000085a00000| Untracked 
|  33|0x0000000085b00000, 0x0000000085b00000, 0x0000000085c00000|  0%| F|  |TAMS 0x0000000085b00000| PB 0x0000000085b00000| Untracked 
|  34|0x0000000085c00000, 0x0000000085c00000, 0x0000000085d00000|  0%| F|  |TAMS 0x0000000085c00000| PB 0x0000000085c00000| Untracked 
|  35|0x0000000085d00000, 0x0000000085d00000, 0x0000000085e00000|  0%| F|  |TAMS 0x0000000085d00000| PB 0x0000000085d00000| Untracked 
|  36|0x0000000085e00000, 0x0000000085e00000, 0x0000000085f00000|  0%| F|  |TAMS 0x0000000085e00000| PB 0x0000000085e00000| Untracked 
|  37|0x0000000085f00000, 0x0000000085f00000, 0x0000000086000000|  0%| F|  |TAMS 0x0000000085f00000| PB 0x0000000085f00000| Untracked 
|  38|0x0000000086000000, 0x0000000086000000, 0x0000000086100000|  0%| F|  |TAMS 0x0000000086000000| PB 0x0000000086000000| Untracked 
|  39|0x0000000086100000, 0x0000000086100000, 0x0000000086200000|  0%| F|  |TAMS 0x0000000086100000| PB 0x0000000086100000| Untracked 
|  40|0x0000000086200000, 0x0000000086200000, 0x0000000086300000|  0%| F|  |TAMS 0x0000000086200000| PB 0x0000000086200000| Untracked 
|  41|0x0000000086300000, 0x0000000086300000, 0x0000000086400000|  0%| F|  |TAMS 0x0000000086300000| PB 0x0000000086300000| Untracked 
|  42|0x0000000086400000, 0x0000000086400000, 0x0000000086500000|  0%| F|  |TAMS 0x0000000086400000| PB 0x0000000086400000| Untracked 
|  43|0x0000000086500000, 0x0000000086500000, 0x0000000086600000|  0%| F|  |TAMS 0x0000000086500000| PB 0x0000000086500000| Untracked 
|  44|0x0000000086600000, 0x0000000086600000, 0x0000000086700000|  0%| F|  |TAMS 0x0000000086600000| PB 0x0000000086600000| Untracked 
|  45|0x0000000086700000, 0x0000000086700000, 0x0000000086800000|  0%| F|  |TAMS 0x0000000086700000| PB 0x0000000086700000| Untracked 
|  46|0x0000000086800000, 0x0000000086800000, 0x0000000086900000|  0%| F|  |TAMS 0x0000000086800000| PB 0x0000000086800000| Untracked 
|  47|0x0000000086900000, 0x0000000086900000, 0x0000000086a00000|  0%| F|  |TAMS 0x0000000086900000| PB 0x0000000086900000| Untracked 
|  48|0x0000000086a00000, 0x0000000086a00000, 0x0000000086b00000|  0%| F|  |TAMS 0x0000000086a00000| PB 0x0000000086a00000| Untracked 
|  49|0x0000000086b00000, 0x0000000086b00000, 0x0000000086c00000|  0%| F|  |TAMS 0x0000000086b00000| PB 0x0000000086b00000| Untracked 
|  50|0x0000000086c00000, 0x0000000086c00000, 0x0000000086d00000|  0%| F|  |TAMS 0x0000000086c00000| PB 0x0000000086c00000| Untracked 
|  51|0x0000000086d00000, 0x0000000086d00000, 0x0000000086e00000|  0%| F|  |TAMS 0x0000000086d00000| PB 0x0000000086d00000| Untracked 
|  52|0x0000000086e00000, 0x0000000086e00000, 0x0000000086f00000|  0%| F|  |TAMS 0x0000000086e00000| PB 0x0000000086e00000| Untracked 
|  53|0x0000000086f00000, 0x0000000086f00000, 0x0000000087000000|  0%| F|  |TAMS 0x0000000086f00000| PB 0x0000000086f00000| Untracked 
|  54|0x0000000087000000, 0x0000000087000000, 0x0000000087100000|  0%| F|  |TAMS 0x0000000087000000| PB 0x0000000087000000| Untracked 
|  55|0x0000000087100000, 0x0000000087100000, 0x0000000087200000|  0%| F|  |TAMS 0x0000000087100000| PB 0x0000000087100000| Untracked 
|  56|0x0000000087200000, 0x0000000087200000, 0x0000000087300000|  0%| F|  |TAMS 0x0000000087200000| PB 0x0000000087200000| Untracked 
|  57|0x0000000087300000, 0x0000000087300000, 0x0000000087400000|  0%| F|  |TAMS 0x0000000087300000| PB 0x0000000087300000| Untracked 
|  58|0x0000000087400000, 0x0000000087400000, 0x0000000087500000|  0%| F|  |TAMS 0x0000000087400000| PB 0x0000000087400000| Untracked 
|  59|0x0000000087500000, 0x0000000087500000, 0x0000000087600000|  0%| F|  |TAMS 0x0000000087500000| PB 0x0000000087500000| Untracked 
|  60|0x0000000087600000, 0x0000000087600000, 0x0000000087700000|  0%| F|  |TAMS 0x0000000087600000| PB 0x0000000087600000| Untracked 
|  61|0x0000000087700000, 0x0000000087700000, 0x0000000087800000|  0%| F|  |TAMS 0x0000000087700000| PB 0x0000000087700000| Untracked 
|  62|0x0000000087800000, 0x0000000087800000, 0x0000000087900000|  0%| F|  |TAMS 0x0000000087800000| PB 0x0000000087800000| Untracked 
|  63|0x0000000087900000, 0x0000000087900000, 0x0000000087a00000|  0%| F|  |TAMS 0x0000000087900000| PB 0x0000000087900000| Untracked 
|  64|0x0000000087a00000, 0x0000000087a00000, 0x0000000087b00000|  0%| F|  |TAMS 0x0000000087a00000| PB 0x0000000087a00000| Untracked 
|  65|0x0000000087b00000, 0x0000000087b00000, 0x0000000087c00000|  0%| F|  |TAMS 0x0000000087b00000| PB 0x0000000087b00000| Untracked 
|  66|0x0000000087c00000, 0x0000000087c00000, 0x0000000087d00000|  0%| F|  |TAMS 0x0000000087c00000| PB 0x0000000087c00000| Untracked 
|  67|0x0000000087d00000, 0x0000000087d00000, 0x0000000087e00000|  0%| F|  |TAMS 0x0000000087d00000| PB 0x0000000087d00000| Untracked 
|  68|0x0000000087e00000, 0x0000000087e00000, 0x0000000087f00000|  0%| F|  |TAMS 0x0000000087e00000| PB 0x0000000087e00000| Untracked 
|  69|0x0000000087f00000, 0x0000000087f00000, 0x0000000088000000|  0%| F|  |TAMS 0x0000000087f00000| PB 0x0000000087f00000| Untracked 
|  70|0x0000000088000000, 0x0000000088000000, 0x0000000088100000|  0%| F|  |TAMS 0x0000000088000000| PB 0x0000000088000000| Untracked 
|  71|0x0000000088100000, 0x0000000088100000, 0x0000000088200000|  0%| F|  |TAMS 0x0000000088100000| PB 0x0000000088100000| Untracked 
|  72|0x0000000088200000, 0x0000000088200000, 0x0000000088300000|  0%| F|  |TAMS 0x0000000088200000| PB 0x0000000088200000| Untracked 
|  73|0x0000000088300000, 0x0000000088300000, 0x0000000088400000|  0%| F|  |TAMS 0x0000000088300000| PB 0x0000000088300000| Untracked 
|  74|0x0000000088400000, 0x0000000088400000, 0x0000000088500000|  0%| F|  |TAMS 0x0000000088400000| PB 0x0000000088400000| Untracked 
|  75|0x0000000088500000, 0x0000000088500000, 0x0000000088600000|  0%| F|  |TAMS 0x0000000088500000| PB 0x0000000088500000| Untracked 
|  76|0x0000000088600000, 0x0000000088600000, 0x0000000088700000|  0%| F|  |TAMS 0x0000000088600000| PB 0x0000000088600000| Untracked 
|  77|0x0000000088700000, 0x0000000088700000, 0x0000000088800000|  0%| F|  |TAMS 0x0000000088700000| PB 0x0000000088700000| Untracked 
|  78|0x0000000088800000, 0x0000000088800000, 0x0000000088900000|  0%| F|  |TAMS 0x0000000088800000| PB 0x0000000088800000| Untracked 
|  79|0x0000000088900000, 0x0000000088900000, 0x0000000088a00000|  0%| F|  |TAMS 0x0000000088900000| PB 0x0000000088900000| Untracked 
|  80|0x0000000088a00000, 0x0000000088a00000, 0x0000000088b00000|  0%| F|  |TAMS 0x0000000088a00000| PB 0x0000000088a00000| Untracked 
|  81|0x0000000088b00000, 0x0000000088b00000, 0x0000000088c00000|  0%| F|  |TAMS 0x0000000088b00000| PB 0x0000000088b00000| Untracked 
|  82|0x0000000088c00000, 0x0000000088c00000, 0x0000000088d00000|  0%| F|  |TAMS 0x0000000088c00000| PB 0x0000000088c00000| Untracked 
|  83|0x0000000088d00000, 0x0000000088d00000, 0x0000000088e00000|  0%| F|  |TAMS 0x0000000088d00000| PB 0x0000000088d00000| Untracked 
|  84|0x0000000088e00000, 0x0000000088e00000, 0x0000000088f00000|  0%| F|  |TAMS 0x0000000088e00000| PB 0x0000000088e00000| Untracked 
|  85|0x0000000088f00000, 0x0000000088f00000, 0x0000000089000000|  0%| F|  |TAMS 0x0000000088f00000| PB 0x0000000088f00000| Untracked 
|  86|0x0000000089000000, 0x0000000089000000, 0x0000000089100000|  0%| F|  |TAMS 0x0000000089000000| PB 0x0000000089000000| Untracked 
|  87|0x0000000089100000, 0x0000000089100000, 0x0000000089200000|  0%| F|  |TAMS 0x0000000089100000| PB 0x0000000089100000| Untracked 
|  88|0x0000000089200000, 0x0000000089200000, 0x0000000089300000|  0%| F|  |TAMS 0x0000000089200000| PB 0x0000000089200000| Untracked 
|  89|0x0000000089300000, 0x0000000089300000, 0x0000000089400000|  0%| F|  |TAMS 0x0000000089300000| PB 0x0000000089300000| Untracked 
|  90|0x0000000089400000, 0x0000000089400000, 0x0000000089500000|  0%| F|  |TAMS 0x0000000089400000| PB 0x0000000089400000| Untracked 
|  91|0x0000000089500000, 0x0000000089500000, 0x0000000089600000|  0%| F|  |TAMS 0x0000000089500000| PB 0x0000000089500000| Untracked 
|  92|0x0000000089600000, 0x0000000089600000, 0x0000000089700000|  0%| F|  |TAMS 0x0000000089600000| PB 0x0000000089600000| Untracked 
|  93|0x0000000089700000, 0x0000000089700000, 0x0000000089800000|  0%| F|  |TAMS 0x0000000089700000| PB 0x0000000089700000| Untracked 
|  94|0x0000000089800000, 0x0000000089800000, 0x0000000089900000|  0%| F|  |TAMS 0x0000000089800000| PB 0x0000000089800000| Untracked 
|  95|0x0000000089900000, 0x0000000089900000, 0x0000000089a00000|  0%| F|  |TAMS 0x0000000089900000| PB 0x0000000089900000| Untracked 
|  96|0x0000000089a00000, 0x0000000089a00000, 0x0000000089b00000|  0%| F|  |TAMS 0x0000000089a00000| PB 0x0000000089a00000| Untracked 
|  97|0x0000000089b00000, 0x0000000089b00000, 0x0000000089c00000|  0%| F|  |TAMS 0x0000000089b00000| PB 0x0000000089b00000| Untracked 
|  98|0x0000000089c00000, 0x0000000089c00000, 0x0000000089d00000|  0%| F|  |TAMS 0x0000000089c00000| PB 0x0000000089c00000| Untracked 
|  99|0x0000000089d00000, 0x0000000089d00000, 0x0000000089e00000|  0%| F|  |TAMS 0x0000000089d00000| PB 0x0000000089d00000| Untracked 
| 100|0x0000000089e00000, 0x0000000089e00000, 0x0000000089f00000|  0%| F|  |TAMS 0x0000000089e00000| PB 0x0000000089e00000| Untracked 
| 101|0x0000000089f00000, 0x0000000089f00000, 0x000000008a000000|  0%| F|  |TAMS 0x0000000089f00000| PB 0x0000000089f00000| Untracked 
| 102|0x000000008a000000, 0x000000008a000000, 0x000000008a100000|  0%| F|  |TAMS 0x000000008a000000| PB 0x000000008a000000| Untracked 
| 103|0x000000008a100000, 0x000000008a100000, 0x000000008a200000|  0%| F|  |TAMS 0x000000008a100000| PB 0x000000008a100000| Untracked 
| 104|0x000000008a200000, 0x000000008a200000, 0x000000008a300000|  0%| F|  |TAMS 0x000000008a200000| PB 0x000000008a200000| Untracked 
| 105|0x000000008a300000, 0x000000008a3fb978, 0x000000008a400000| 98%| E|  |TAMS 0x000000008a300000| PB 0x000000008a300000| Complete 
| 106|0x000000008a400000, 0x000000008a500000, 0x000000008a500000|100%| E|CS|TAMS 0x000000008a400000| PB 0x000000008a400000| Complete 
| 107|0x000000008a500000, 0x000000008a600000, 0x000000008a600000|100%| E|CS|TAMS 0x000000008a500000| PB 0x000000008a500000| Complete 
| 108|0x000000008a600000, 0x000000008a700000, 0x000000008a700000|100%| E|CS|TAMS 0x000000008a600000| PB 0x000000008a600000| Complete 
| 109|0x000000008a700000, 0x000000008a800000, 0x000000008a800000|100%| E|CS|TAMS 0x000000008a700000| PB 0x000000008a700000| Complete 
| 110|0x000000008a800000, 0x000000008a900000, 0x000000008a900000|100%| E|CS|TAMS 0x000000008a800000| PB 0x000000008a800000| Complete 
| 111|0x000000008a900000, 0x000000008aa00000, 0x000000008aa00000|100%| E|CS|TAMS 0x000000008a900000| PB 0x000000008a900000| Complete 
| 112|0x000000008aa00000, 0x000000008ab00000, 0x000000008ab00000|100%| E|CS|TAMS 0x000000008aa00000| PB 0x000000008aa00000| Complete 
| 113|0x000000008ab00000, 0x000000008ac00000, 0x000000008ac00000|100%| E|CS|TAMS 0x000000008ab00000| PB 0x000000008ab00000| Complete 
| 114|0x000000008ac00000, 0x000000008ad00000, 0x000000008ad00000|100%| E|CS|TAMS 0x000000008ac00000| PB 0x000000008ac00000| Complete 
| 115|0x000000008ad00000, 0x000000008ae00000, 0x000000008ae00000|100%| E|CS|TAMS 0x000000008ad00000| PB 0x000000008ad00000| Complete 
| 116|0x000000008ae00000, 0x000000008af00000, 0x000000008af00000|100%| E|CS|TAMS 0x000000008ae00000| PB 0x000000008ae00000| Complete 
| 117|0x000000008af00000, 0x000000008b000000, 0x000000008b000000|100%| E|CS|TAMS 0x000000008af00000| PB 0x000000008af00000| Complete 
| 118|0x000000008b000000, 0x000000008b100000, 0x000000008b100000|100%| E|CS|TAMS 0x000000008b000000| PB 0x000000008b000000| Complete 
| 119|0x000000008b100000, 0x000000008b200000, 0x000000008b200000|100%| E|CS|TAMS 0x000000008b100000| PB 0x000000008b100000| Complete 
| 120|0x000000008b200000, 0x000000008b300000, 0x000000008b300000|100%| E|CS|TAMS 0x000000008b200000| PB 0x000000008b200000| Complete 
| 121|0x000000008b300000, 0x000000008b400000, 0x000000008b400000|100%| E|CS|TAMS 0x000000008b300000| PB 0x000000008b300000| Complete 
| 122|0x000000008b400000, 0x000000008b500000, 0x000000008b500000|100%| E|CS|TAMS 0x000000008b400000| PB 0x000000008b400000| Complete 
| 123|0x000000008b500000, 0x000000008b600000, 0x000000008b600000|100%| E|CS|TAMS 0x000000008b500000| PB 0x000000008b500000| Complete 
| 124|0x000000008b600000, 0x000000008b700000, 0x000000008b700000|100%| E|CS|TAMS 0x000000008b600000| PB 0x000000008b600000| Complete 
| 125|0x000000008b700000, 0x000000008b800000, 0x000000008b800000|100%| E|CS|TAMS 0x000000008b700000| PB 0x000000008b700000| Complete 

Card table byte_map: [0x0000023875a30000,0x0000023875e20000] _byte_map_base: 0x0000023875613000

Marking Bits: (CMBitMap*) 0x000002385e2ae6b0
 Bits: [0x0000023876210000, 0x0000023878128000)

Polling page: 0x000002385c140000

Metaspace:

Usage:
  Non-class:      9.08 MB used.
      Class:      1.23 MB used.
       Both:     10.32 MB used.

Virtual space:
  Non-class space:       64.00 MB reserved,       9.19 MB ( 14%) committed,  1 nodes.
      Class space:        1.00 GB reserved,       1.38 MB ( <1%) committed,  1 nodes.
             Both:        1.06 GB reserved,      10.56 MB ( <1%) committed. 

Chunk freelists:
   Non-Class:  2.48 MB
       Class:  2.60 MB
        Both:  5.08 MB

MaxMetaspaceSize: unlimited
CompressedClassSpaceSize: 1.00 GB
Initial GC threshold: 21.00 MB
Current GC threshold: 21.00 MB
CDS: on
MetaspaceReclaimPolicy: balanced
 - commit_granule_bytes: 65536.
 - commit_granule_words: 8192.
 - virtual_space_node_default_size: 8388608.
 - enlarge_chunks_in_place: 1.
 - new_chunks_are_fully_committed: 0.
 - uncommit_free_chunks: 1.
 - use_allocation_guard: 0.


Internal statistics:

num_allocs_failed_limit: 0.
num_arena_births: 164.
num_arena_deaths: 0.
num_vsnodes_births: 2.
num_vsnodes_deaths: 0.
num_space_committed: 169.
num_space_uncommitted: 0.
num_chunks_returned_to_freelist: 0.
num_chunks_taken_from_freelist: 229.
num_chunk_merges: 0.
num_chunk_splits: 132.
num_chunks_enlarged: 54.
num_inconsistent_stats: 0.

CodeHeap 'non-profiled nmethods': size=120000Kb used=490Kb max_used=490Kb free=119510Kb
 bounds [0x000002386ddd0000, 0x000002386e040000, 0x0000023875300000]
CodeHeap 'profiled nmethods': size=120000Kb used=2364Kb max_used=2364Kb free=117636Kb
 bounds [0x0000023866300000, 0x0000023866570000, 0x000002386d830000]
CodeHeap 'non-nmethods': size=5760Kb used=1829Kb max_used=1855Kb free=3930Kb
 bounds [0x000002386d830000, 0x000002386daa0000, 0x000002386ddd0000]
 total_blobs=2173 nmethods=1502 adapters=582
 compilation: enabled
              stopped_count=0, restarted_count=0
 full_count=0

Compilation events (20 events):
Event: 0.981 Thread 0x000002387ab95640 nmethod 1468 0x0000023866543b10 code [0x0000023866543ca0, 0x0000023866543e50]
Event: 0.981 Thread 0x000002387ab95640 1470       3       sun.awt.SunHints$Value::hashCode (5 bytes)
Event: 0.981 Thread 0x000002387ab95640 nmethod 1470 0x0000023866543f10 code [0x00000238665440a0, 0x00000238665441d0]
Event: 0.981 Thread 0x000002387ab95640 1469       1       sun.font.SunFontManager::usingAlternateCompositeFonts (5 bytes)
Event: 0.981 Thread 0x000002387ab95640 nmethod 1469 0x000002386de3f090 code [0x000002386de3f200, 0x000002386de3f2d0]
Event: 0.981 Thread 0x000002387ab95640 1471       3       java.nio.ByteBuffer::clear (7 bytes)
Event: 0.981 Thread 0x000002387ab95640 nmethod 1471 0x0000023866544290 code [0x0000023866544420, 0x00000238665445a0]
Event: 0.982 Thread 0x000002387ab95640 1472       3       java.nio.MappedByteBuffer::clear (5 bytes)
Event: 0.982 Thread 0x000002387ab95640 nmethod 1472 0x0000023866544690 code [0x0000023866544820, 0x0000023866544a60]
Event: 0.982 Thread 0x000002387ab95640 1473       3       java.nio.MappedByteBuffer::clear (7 bytes)
Event: 0.982 Thread 0x000002387ab95640 nmethod 1473 0x0000023866544b90 code [0x0000023866544d20, 0x0000023866544f00]
Event: 0.982 Thread 0x000002387ab95640 1474       3       java.awt.geom.RectangularShape::<init> (5 bytes)
Event: 0.982 Thread 0x000002387ab95640 nmethod 1474 0x0000023866545010 code [0x00000238665451a0, 0x0000023866545308]
Event: 0.982 Thread 0x000002387ab95640 1477       3       java.awt.geom.Rectangle2D::<init> (5 bytes)
Event: 0.982 Thread 0x000002387ab95640 nmethod 1477 0x0000023866545410 code [0x00000238665455a0, 0x0000023866545768]
Event: 0.982 Thread 0x000002387ab95640 1475       1       java.awt.geom.Rectangle2D$Double::getX (5 bytes)
Event: 0.982 Thread 0x000002387ab95640 nmethod 1475 0x000002386de3f390 code [0x000002386de3f500, 0x000002386de3f5c8]
Event: 0.982 Thread 0x000002387ab95640 1476       1       java.awt.geom.Rectangle2D$Double::getY (5 bytes)
Event: 0.982 Thread 0x000002387ab95640 nmethod 1476 0x000002386de3f690 code [0x000002386de3f800, 0x000002386de3f8c8]
Event: 0.983 Thread 0x000002387ab95640 1478   !   3       sun.font.TrueTypeFont::readBlock (374 bytes)

GC Heap History (0 events):
No events

Dll operation events (10 events):
Event: 0.010 Loaded shared library C:\Program Files\Java\jdk-20\bin\java.dll
Event: 0.020 Loaded shared library C:\Program Files\Java\jdk-20\bin\jsvml.dll
Event: 0.066 Loaded shared library C:\Program Files\Java\jdk-20\bin\net.dll
Event: 0.068 Loaded shared library C:\Program Files\Java\jdk-20\bin\nio.dll
Event: 0.087 Loaded shared library C:\Program Files\Java\jdk-20\bin\zip.dll
Event: 0.100 Loaded shared library C:\Program Files\Java\jdk-20\bin\jimage.dll
Event: 0.114 Loaded shared library C:\Program Files\Java\jdk-20\bin\awt.dll
Event: 0.294 Loaded shared library C:\Program Files\Java\jdk-20\bin\verify.dll
Event: 0.375 Loaded shared library C:\Program Files\Java\jdk-20\bin\freetype.dll
Event: 0.377 Loaded shared library C:\Program Files\Java\jdk-20\bin\fontmanager.dll

Deoptimization events (20 events):
Event: 0.533 Thread 0x000002387ab6a2b0 DEOPT PACKING pc=0x000002386ddf7d6c sp=0x000000e535efec10
Event: 0.533 Thread 0x000002387ab6a2b0 DEOPT UNPACKING pc=0x000002386d84d2a2 sp=0x000000e535efeb90 mode 2
Event: 0.535 Thread 0x000002387ab6a2b0 DEOPT PACKING pc=0x0000023866318657 sp=0x000000e535efed30
Event: 0.535 Thread 0x000002387ab6a2b0 DEOPT UNPACKING pc=0x000002386d89e462 sp=0x000000e535efe150 mode 0
Event: 0.868 Thread 0x000002387ab6bd40 Uncommon trap: trap_request=0xffffff45 fr.pc=0x000002386ddda0a0 relative=0x00000000000000a0
Event: 0.868 Thread 0x000002387ab6bd40 Uncommon trap: reason=unstable_if action=reinterpret pc=0x000002386ddda0a0 method=java.lang.String.isLatin1()Z @ 10 c2
Event: 0.868 Thread 0x000002387ab6bd40 DEOPT PACKING pc=0x000002386ddda0a0 sp=0x000000e535dfcee0
Event: 0.868 Thread 0x000002387ab6bd40 DEOPT UNPACKING pc=0x000002386d84d2a2 sp=0x000000e535dfce10 mode 2
Event: 0.885 Thread 0x000002387ab6bd40 Uncommon trap: trap_request=0xffffff45 fr.pc=0x000002386de38ee4 relative=0x00000000000003c4
Event: 0.885 Thread 0x000002387ab6bd40 Uncommon trap: reason=unstable_if action=reinterpret pc=0x000002386de38ee4 method=java.lang.Character.isSurrogate(C)Z @ 3 c2
Event: 0.885 Thread 0x000002387ab6bd40 DEOPT PACKING pc=0x000002386de38ee4 sp=0x000000e535dfcbd0
Event: 0.885 Thread 0x000002387ab6bd40 DEOPT UNPACKING pc=0x000002386d84d2a2 sp=0x000000e535dfcae8 mode 2
Event: 0.937 Thread 0x000002387ab6bd40 Uncommon trap: trap_request=0xffffff45 fr.pc=0x000002386de295d8 relative=0x0000000000000498
Event: 0.937 Thread 0x000002387ab6bd40 Uncommon trap: reason=unstable_if action=reinterpret pc=0x000002386de295d8 method=java.lang.StringLatin1.toLowerCase(Ljava/lang/String;[BLjava/util/Locale;)Ljava/lang/String; @ 43 c2
Event: 0.937 Thread 0x000002387ab6bd40 DEOPT PACKING pc=0x000002386de295d8 sp=0x000000e535dfd0a0
Event: 0.937 Thread 0x000002387ab6bd40 DEOPT UNPACKING pc=0x000002386d84d2a2 sp=0x000000e535dfd010 mode 2
Event: 0.955 Thread 0x000002387ab6bd40 Uncommon trap: trap_request=0xffffff45 fr.pc=0x000002386de37444 relative=0x0000000000000124
Event: 0.955 Thread 0x000002387ab6bd40 Uncommon trap: reason=unstable_if action=reinterpret pc=0x000002386de37444 method=java.lang.ThreadLocal$ThreadLocalMap.getEntry(Ljava/lang/ThreadLocal;)Ljava/lang/ThreadLocal$ThreadLocalMap$Entry; @ 21 c2
Event: 0.955 Thread 0x000002387ab6bd40 DEOPT PACKING pc=0x000002386de37444 sp=0x000000e535dfd5b0
Event: 0.955 Thread 0x000002387ab6bd40 DEOPT UNPACKING pc=0x000002386d84d2a2 sp=0x000000e535dfd4d0 mode 2

Classes loaded (20 events):
Event: 0.963 Loading class sun/java2d/marlin/DMarlinRenderingEngine$NormMode
Event: 0.963 Loading class sun/java2d/marlin/DMarlinRenderingEngine$NormMode done
Event: 0.963 Loading class sun/java2d/marlin/DMarlinRenderingEngine$NormMode$1
Event: 0.963 Loading class sun/java2d/marlin/DMarlinRenderingEngine$NormMode$1 done
Event: 0.963 Loading class sun/java2d/marlin/DMarlinRenderingEngine$NormMode$2
Event: 0.963 Loading class sun/java2d/marlin/DMarlinRenderingEngine$NormMode$2 done
Event: 0.963 Loading class sun/java2d/marlin/DMarlinRenderingEngine$NormMode$3
Event: 0.963 Loading class sun/java2d/marlin/DMarlinRenderingEngine$NormMode$3 done
Event: 0.963 Loading class java/awt/geom/EllipseIterator
Event: 0.963 Loading class java/awt/geom/EllipseIterator done
Event: 0.964 Loading class sun/java2d/marlin/Helpers
Event: 0.964 Loading class sun/java2d/marlin/Helpers done
Event: 0.964 Loading class java/lang/FdLibm$Cbrt
Event: 0.964 Loading class java/lang/FdLibm$Cbrt done
Event: 0.964 Loading class java/lang/FdLibm
Event: 0.964 Loading class java/lang/FdLibm done
Event: 0.965 Loading class sun/java2d/marlin/ArrayCacheConst
Event: 0.965 Loading class sun/java2d/marlin/ArrayCacheConst done
Event: 0.978 Loading class sun/awt/image/BufImgSurfaceManager
Event: 0.978 Loading class sun/awt/image/BufImgSurfaceManager done

Classes unloaded (0 events):
No events

Classes redefined (0 events):
No events

Internal exceptions (17 events):
Event: 0.069 Thread 0x000002385e251dd0 Exception <a 'sun/nio/fs/WindowsException'{0x000000008b6441a8}> (0x000000008b6441a8) 
thrown [s\open\src\hotspot\share\prims\jni.cpp, line 519]
Event: 0.071 Thread 0x000002385e251dd0 Exception <a 'sun/nio/fs/WindowsException'{0x000000008b6467e0}> (0x000000008b6467e0) 
thrown [s\open\src\hotspot\share\prims\jni.cpp, line 519]
Event: 0.071 Thread 0x000002385e251dd0 Exception <a 'sun/nio/fs/WindowsException'{0x000000008b647348}> (0x000000008b647348) 
thrown [s\open\src\hotspot\share\prims\jni.cpp, line 519]
Event: 0.105 Thread 0x000002385e251dd0 Exception <a 'java/lang/ClassNotFoundException'{0x000000008b582158}: sun/awt/resources/spi/awtProvider> (0x000000008b582158) 
thrown [s\open\src\hotspot\share\classfile\systemDictionary.cpp, line 305]
Event: 0.125 Thread 0x000002385e251dd0 Exception <a 'java/io/FileNotFoundException'{0x000000008b5d8818}> (0x000000008b5d8818) 
thrown [s\open\src\hotspot\share\prims\jni.cpp, line 519]
Event: 0.131 Thread 0x000002385e251dd0 Exception <a 'java/io/FileNotFoundException'{0x000000008b403118}> (0x000000008b403118) 
thrown [s\open\src\hotspot\share\prims\jni.cpp, line 519]
Event: 0.210 Thread 0x000002385e251dd0 Exception <a 'java/lang/NoSuchMethodError'{0x000000008b321510}: 'void java.lang.invoke.DirectMethodHandle$Holder.invokeSpecial(java.lang.Object, java.lang.Object, java.lang.Object)'> (0x000000008b321510) 
thrown [s\open\src\hotspot\share\interpreter\linkResolver.cpp, line 773]
Event: 0.218 Thread 0x000002385e251dd0 Exception <a 'java/lang/NoSuchMethodError'{0x000000008b34bc18}: 'java.lang.Object java.lang.invoke.DirectMethodHandle$Holder.newInvokeSpecial(java.lang.Object, java.lang.Object, java.lang.Object, java.lang.Object, java.lang.Object)'> (0x000000008b34bc18) 
thrown [s\open\src\hotspot\share\interpreter\linkResolver.cpp, line 773]
Event: 0.228 Thread 0x000002385e251dd0 Exception <a 'java/lang/NoSuchMethodError'{0x000000008b37c7b0}: 'java.lang.Object java.lang.invoke.DirectMethodHandle$Holder.invokeStatic(java.lang.Object, int, java.lang.Object)'> (0x000000008b37c7b0) 
thrown [s\open\src\hotspot\share\interpreter\linkResolver.cpp, line 773]
Event: 0.250 Thread 0x000002385e251dd0 Exception <a 'java/lang/ClassNotFoundException'{0x000000008b237d08}: com/sun/swing/internal/plaf/metal/resources/spi/metalProvider> (0x000000008b237d08) 
thrown [s\open\src\hotspot\share\classfile\systemDictionary.cpp, line 305]
Event: 0.251 Thread 0x000002385e251dd0 Exception <a 'java/lang/ClassNotFoundException'{0x000000008b23bcb8}: com/sun/swing/internal/plaf/basic/resources/spi/basicProvider> (0x000000008b23bcb8) 
thrown [s\open\src\hotspot\share\classfile\systemDictionary.cpp, line 305]
Event: 0.260 Thread 0x000002385e251dd0 Exception <a 'java/lang/NoSuchMethodError'{0x000000008b25ade8}: 'int java.lang.invoke.Invokers$Holder.invokeExact_MT(java.lang.Object, java.lang.Object)'> (0x000000008b25ade8) 
thrown [s\open\src\hotspot\share\interpreter\linkResolver.cpp, line 773]
Event: 0.430 Thread 0x000002385e251dd0 Implicit null exception at 0x000002386ddda99d to 0x000002386dddaa19
Event: 0.538 Thread 0x000002387ab6a2b0 Exception <a 'java/lang/NoSuchMethodError'{0x000000008ae8a618}: 'java.lang.Object java.lang.invoke.DirectMethodHandle$Holder.newInvokeSpecial(java.lang.Object, java.lang.Object, java.lang.Object, int, int, int, int, int)'> (0x000000008ae8a618) 
thrown [s\open\src\hotspot\share\interpreter\linkResolver.cpp, line 773]
Event: 0.560 Thread 0x000002387ab69d60 Exception <a 'java/lang/NoSuchMethodError'{0x000000008b4fb9e8}: 'void java.lang.invoke.DirectMethodHandle$Holder.invokeVirtual(java.lang.Object, java.lang.Object)'> (0x000000008b4fb9e8) 
thrown [s\open\src\hotspot\share\interpreter\linkResolver.cpp, line 773]
Event: 0.575 Thread 0x000002385e251dd0 Exception <a 'java/lang/NoSuchMethodError'{0x000000008ad90a38}: 'void java.lang.invoke.DirectMethodHandle$Holder.invokeStaticInit(java.lang.Object)'> (0x000000008ad90a38) 
thrown [s\open\src\hotspot\share\interpreter\linkResolver.cpp, line 773]
Event: 0.955 Thread 0x000002387ab6bd40 Implicit null exception at 0x000002386de3738c to 0x000002386de37424

VM Operations (14 events):
Event: 0.072 Executing VM operation: HandshakeAllThreads
Event: 0.072 Executing VM operation: HandshakeAllThreads done
Event: 0.288 Executing VM operation: HandshakeAllThreads
Event: 0.288 Executing VM operation: HandshakeAllThreads done
Event: 0.333 Executing VM operation: HandshakeAllThreads
Event: 0.333 Executing VM operation: HandshakeAllThreads done
Event: 0.527 Executing VM operation: HandshakeAllThreads
Event: 0.527 Executing VM operation: HandshakeAllThreads done
Event: 0.563 Executing VM operation: HandshakeAllThreads
Event: 0.563 Executing VM operation: HandshakeAllThreads done
Event: 0.643 Executing VM operation: HandshakeAllThreads
Event: 0.643 Executing VM operation: HandshakeAllThreads done
Event: 0.656 Executing VM operation: ICBufferFull
Event: 0.656 Executing VM operation: ICBufferFull done

Events (19 events):
Event: 0.021 Thread 0x000002385e251dd0 Thread added: 0x000002385e251dd0
Event: 0.035 Thread 0x000002387ab58030 Thread added: 0x000002387ab58030
Event: 0.035 Thread 0x000002387ab58f20 Thread added: 0x000002387ab58f20
Event: 0.035 Thread 0x000002387ab5d900 Thread added: 0x000002387ab5d900
Event: 0.035 Thread 0x000002387ab5ef50 Thread added: 0x000002387ab5ef50
Event: 0.035 Thread 0x000002387ab601a0 Thread added: 0x000002387ab601a0
Event: 0.036 Thread 0x000002387ab6ad50 Thread added: 0x000002387ab6ad50
Event: 0.036 Thread 0x000002387ab72fa0 Thread added: 0x000002387ab72fa0
Event: 0.036 Thread 0x000002387ab95640 Thread added: 0x000002387ab95640
Event: 0.054 Thread 0x000002387ab69810 Thread added: 0x000002387ab69810
Event: 0.083 Thread 0x000002387ab6a800 Thread added: 0x000002387ab6a800
Event: 0.175 Thread 0x000002387ab6b7f0 Thread added: 0x000002387ab6b7f0
Event: 0.177 Thread 0x000002387ab6b2a0 Thread added: 0x000002387ab6b2a0
Event: 0.178 Thread 0x000002387ab69d60 Thread added: 0x000002387ab69d60
Event: 0.354 Thread 0x0000023800843810 Thread added: 0x0000023800843810
Event: 0.414 Thread 0x000002387ab6bd40 Thread added: 0x000002387ab6bd40
Event: 0.532 Thread 0x000002387ab6a2b0 Thread added: 0x000002387ab6a2b0
Event: 0.642 Thread 0x000002385e251dd0 Thread exited: 0x000002385e251dd0
Event: 0.642 Thread 0x000002387ab6c290 Thread added: 0x000002387ab6c290


Dynamic libraries:
0x00007ff7c0270000 - 0x00007ff7c0280000 	C:\Program Files\Java\jdk-20\bin\java.exe
0x00007ffe78950000 - 0x00007ffe78b48000 	C:\Windows\SYSTEM32\ntdll.dll
0x00007ffe78840000 - 0x00007ffe78901000 	C:\Windows\System32\KERNEL32.DLL
0x00007ffe763f0000 - 0x00007ffe766e6000 	C:\Windows\System32\KERNELBASE.dll
0x00007ffe722c0000 - 0x00007ffe72354000 	C:\Windows\SYSTEM32\apphelp.dll
0x00007ffe767e0000 - 0x00007ffe768e0000 	C:\Windows\System32\ucrtbase.dll
0x00007ffe6c6a0000 - 0x00007ffe6c6bb000 	C:\Program Files\Java\jdk-20\bin\VCRUNTIME140.dll
0x00007ffe60a20000 - 0x00007ffe60a39000 	C:\Program Files\Java\jdk-20\bin\jli.dll
0x00007ffe77820000 - 0x00007ffe778d0000 	C:\Windows\System32\ADVAPI32.dll
0x00007ffe78660000 - 0x00007ffe786fe000 	C:\Windows\System32\msvcrt.dll
0x00007ffe781e0000 - 0x00007ffe78280000 	C:\Windows\System32\sechost.dll
0x00007ffe78350000 - 0x00007ffe78473000 	C:\Windows\System32\RPCRT4.dll
0x00007ffe767b0000 - 0x00007ffe767d7000 	C:\Windows\System32\bcrypt.dll
0x00007ffe779d0000 - 0x00007ffe77b6f000 	C:\Windows\System32\USER32.dll
0x00007ffe76140000 - 0x00007ffe76162000 	C:\Windows\System32\win32u.dll
0x00007ffe63fd0000 - 0x00007ffe6426a000 	C:\Windows\WinSxS\amd64_microsoft.windows.common-controls_6595b64144ccf1df_6.0.19041.4355_none_60b8b9eb71f62e16\COMCTL32.dll
0x00007ffe77c20000 - 0x00007ffe77c4b000 	C:\Windows\System32\GDI32.dll
0x00007ffe762d0000 - 0x00007ffe763e7000 	C:\Windows\System32\gdi32full.dll
0x00007ffe768e0000 - 0x00007ffe7697d000 	C:\Windows\System32\msvcp_win.dll
0x00007ffe6d800000 - 0x00007ffe6d80a000 	C:\Windows\SYSTEM32\VERSION.dll
0x00007ffe779a0000 - 0x00007ffe779cf000 	C:\Windows\System32\IMM32.DLL
0x00007ffe6edd0000 - 0x00007ffe6eddc000 	C:\Program Files\Java\jdk-20\bin\vcruntime140_1.dll
0x00007ffe41ea0000 - 0x00007ffe41f2e000 	C:\Program Files\Java\jdk-20\bin\msvcp140.dll
0x00007ffdfafa0000 - 0x00007ffdfbc37000 	C:\Program Files\Java\jdk-20\bin\server\jvm.dll
0x00007ffe63630000 - 0x00007ffe63639000 	C:\Windows\SYSTEM32\WSOCK32.dll
0x00007ffe5cf80000 - 0x00007ffe5cfa7000 	C:\Windows\SYSTEM32\WINMM.dll
0x00007ffe77c50000 - 0x00007ffe77cbb000 	C:\Windows\System32\WS2_32.dll
0x00007ffe74810000 - 0x00007ffe74822000 	C:\Windows\SYSTEM32\kernel.appcore.dll
0x00007ffe6eca0000 - 0x00007ffe6ecaa000 	C:\Program Files\Java\jdk-20\bin\jimage.dll
0x00007ffe73d60000 - 0x00007ffe73f44000 	C:\Windows\SYSTEM32\DBGHELP.DLL
0x00007ffe5d010000 - 0x00007ffe5d044000 	C:\Windows\SYSTEM32\dbgcore.DLL
0x00007ffe76000000 - 0x00007ffe76082000 	C:\Windows\System32\bcryptPrimitives.dll
0x00007ffe61db0000 - 0x00007ffe61dd6000 	C:\Program Files\Java\jdk-20\bin\java.dll
0x00007ffe41f30000 - 0x00007ffe42007000 	C:\Program Files\Java\jdk-20\bin\jsvml.dll
0x00007ffe76ee0000 - 0x00007ffe7764c000 	C:\Windows\System32\SHELL32.dll
0x00007ffe74060000 - 0x00007ffe747fe000 	C:\Windows\SYSTEM32\windows.storage.dll
0x00007ffe77e80000 - 0x00007ffe781d3000 	C:\Windows\System32\combase.dll
0x00007ffe75950000 - 0x00007ffe7597e000 	C:\Windows\SYSTEM32\Wldp.dll
0x00007ffe778d0000 - 0x00007ffe7799d000 	C:\Windows\System32\OLEAUT32.dll
0x00007ffe77b70000 - 0x00007ffe77c1d000 	C:\Windows\System32\SHCORE.dll
0x00007ffe782e0000 - 0x00007ffe78335000 	C:\Windows\System32\shlwapi.dll
0x00007ffe75f30000 - 0x00007ffe75f54000 	C:\Windows\SYSTEM32\profapi.dll
0x00007ffe62c20000 - 0x00007ffe62c33000 	C:\Program Files\Java\jdk-20\bin\net.dll
0x00007ffe6ccf0000 - 0x00007ffe6cdfa000 	C:\Windows\SYSTEM32\WINHTTP.dll
0x00007ffe756b0000 - 0x00007ffe7571a000 	C:\Windows\system32\mswsock.dll
0x00007ffe61ba0000 - 0x00007ffe61bb6000 	C:\Program Files\Java\jdk-20\bin\nio.dll
0x00007ffe5f490000 - 0x00007ffe5f4a8000 	C:\Program Files\Java\jdk-20\bin\zip.dll
0x00007ffe3fc40000 - 0x00007ffe3fdd1000 	C:\Program Files\Java\jdk-20\bin\awt.dll
0x00007ffe737d0000 - 0x00007ffe737ff000 	C:\Windows\system32\DWMAPI.DLL
0x00007ffe735e0000 - 0x00007ffe7367e000 	C:\Windows\system32\uxtheme.dll
0x00007ffe46c80000 - 0x00007ffe46da8000 	C:\Windows\system32\opengl32.dll
0x00007ffe473c0000 - 0x00007ffe473ec000 	C:\Windows\SYSTEM32\GLU32.dll
0x00007ffe78720000 - 0x00007ffe78834000 	C:\Windows\System32\MSCTF.dll
0x00007ffe78530000 - 0x00007ffe7865b000 	C:\Windows\System32\ole32.dll
0x00007ffe61960000 - 0x00007ffe61970000 	C:\Program Files\Java\jdk-20\bin\verify.dll
0x00007ffe36ac0000 - 0x00007ffe36b46000 	C:\Program Files\Java\jdk-20\bin\freetype.dll
0x00007ffe35d60000 - 0x00007ffe35e26000 	C:\Program Files\Java\jdk-20\bin\fontmanager.dll
0x00007ffe78480000 - 0x00007ffe78529000 	C:\Windows\System32\clbcatq.dll
0x00007ffe733e0000 - 0x00007ffe73596000 	C:\Windows\SYSTEM32\WindowsCodecs.dll
0x00007ffe45060000 - 0x00007ffe4509e000 	C:\Windows\system32\dataexchange.dll
0x00007ffe70bf0000 - 0x00007ffe70dd4000 	C:\Windows\system32\dcomp.dll
0x00007ffe70980000 - 0x00007ffe70be3000 	C:\Windows\system32\d3d11.dll
0x00007ffe74880000 - 0x00007ffe74975000 	C:\Windows\system32\dxgi.dll
0x00007ffe70060000 - 0x00007ffe70263000 	C:\Windows\system32\twinapi.appcore.dll
0x00007ffe6b100000 - 0x00007ffe6b1f9000 	C:\Windows\SYSTEM32\textinputframework.dll
0x00007ffe71430000 - 0x00007ffe7178b000 	C:\Windows\System32\CoreUIComponents.dll
0x00007ffe71b10000 - 0x00007ffe71c02000 	C:\Windows\System32\CoreMessaging.dll
0x00007ffe726e0000 - 0x00007ffe72837000 	C:\Windows\SYSTEM32\wintypes.dll
0x00007ffe75110000 - 0x00007ffe75143000 	C:\Windows\SYSTEM32\ntmarta.dll

dbghelp: loaded successfully - version: 4.0.5 - missing functions: none
symbol engine: initialized successfully - sym options: 0x614 - pdb path: .;C:\Program Files\Java\jdk-20\bin;C:\Windows\SYSTEM32;C:\Windows\WinSxS\amd64_microsoft.windows.common-controls_6595b64144ccf1df_6.0.19041.4355_none_60b8b9eb71f62e16;C:\Program Files\Java\jdk-20\bin\server

VM Arguments:
jvm_args: -Dfile.encoding=UTF-8 --module-path=C:\Users\dell\OneDrive\Documents\NetBeansProjects\bank management system\build\classes 
java_command: bank.management.system.SignupOne
java_class_path (initial): C:\Users\dell\OneDrive\Desktop\jcalendar-tz.jar;C:\Users\dell\OneDrive\Documents\NetBeansProjects\bank management system\build\classes
Launcher Type: SUN_STANDARD

[Global flags]
     intx CICompilerCount                          = 4                                         {product} {ergonomic}
     uint ConcGCThreads                            = 2                                         {product} {ergonomic}
     uint G1ConcRefinementThreads                  = 8                                         {product} {ergonomic}
   size_t G1HeapRegionSize                         = 1048576                                   {product} {ergonomic}
    uintx GCDrainStackTargetSize                   = 64                                        {product} {ergonomic}
   size_t InitialHeapSize                          = 132120576                                 {product} {ergonomic}
   size_t MarkStackSize                            = 4194304                                   {product} {ergonomic}
   size_t MaxHeapSize                              = 2086666240                                {product} {ergonomic}
   size_t MaxNewSize                               = 1251999744                                {product} {ergonomic}
   size_t MinHeapDeltaBytes                        = 1048576                                   {product} {ergonomic}
   size_t MinHeapSize                              = 8388608                                   {product} {ergonomic}
    uintx NonNMethodCodeHeapSize                   = 5839372                                {pd product} {ergonomic}
    uintx NonProfiledCodeHeapSize                  = 122909434                              {pd product} {ergonomic}
    uintx ProfiledCodeHeapSize                     = 122909434                              {pd product} {ergonomic}
    uintx ReservedCodeCacheSize                    = 251658240                              {pd product} {ergonomic}
     bool SegmentedCodeCache                       = true                                      {product} {ergonomic}
   size_t SoftMaxHeapSize                          = 2086666240                             {manageable} {ergonomic}
     bool UseCompressedClassPointers               = true                           {product lp64_product} {ergonomic}
     bool UseCompressedOops                        = true                           {product lp64_product} {ergonomic}
     bool UseG1GC                                  = true                                      {product} {ergonomic}
     bool UseLargePagesIndividualAllocation        = false                                  {pd product} {ergonomic}

Logging:
Log output configuration:
 #0: stdout all=warning uptime,level,tags foldmultilines=false
 #1: stderr all=off uptime,level,tags foldmultilines=false

Environment Variables:
JAVA_HOME=C:\Program Files\Java\jdk-20
PATH=C:\Program Files\Python312\Scripts\;C:\Program Files\Python312\;C:\Program Files\Common Files\Oracle\Java\javapath;C:\Program Files\Eclipse Foundation\jdk-11.0.12.7-hotspot\bin;C:\Windows\system32;C:\Windows;C:\Windows\System32\Wbem;C:\Windows\System32\WindowsPowerShell\v1.0\;C:\Windows\System32\OpenSSH\;C:\MinGW\bin;C:\Program Files\nodejs\;C:\Program Files\dotnet\;C:\Program Files\Git\cmd;C:\Program Files\Java\jdk-20\bin;C:\Program Files\MongoDB\Server\7.0\bin;C:\Program Files\MongoDB\mongosh-2.0.1-win32-x64\bin;C:\Program Files\MongoDB\Tools\100\bin;C:\Program Files\MySQL\MySQL Server 8.0\bin;C:\Program Files\MySQL\MySQL Shell 8.0\bin\;C:\Users\dell\AppData\Local\Programs\Python\Python39\Scripts\;C:\Users\dell\AppData\Local\Programs\Python\Python39\;C:\Users\dell\AppData\Local\Microsoft\WindowsApps;C:\Program Files\CodeBlocks\MinGW\bin;C:\Users\dell\AppData\Local\Programs\Microsoft VS Code\bin;C:\Users\dell\AppData\Roaming\npm;C:\Program Files\Git\bin;C:\Program Files\Git\cmd;C:\Users\dell\.ipython;C:\Users\dell\anaconda3\bin;;C:\IDE\IntelliJ IDEA Community Edition 2023.2.1\bin;
USERNAME=dell
OS=Windows_NT
PROCESSOR_IDENTIFIER=Intel64 Family 6 Model 126 Stepping 5, GenuineIntel
TMP=C:\Users\dell\AppData\Local\Temp
TEMP=C:\Users\dell\AppData\Local\Temp




---------------  S Y S T E M  ---------------

OS:
 Windows 10 , 64 bit Build 19041 (10.0.19041.4597)
OS uptime: 2 days 0:20 hours

CPU: total 8 (initial active 8) (4 cores per cpu, 2 threads per core) family 6 model 126 stepping 5 microcode 0xc2, cx8, cmov, fxsr, ht, mmx, 3dnowpref, sse, sse2, sse3, ssse3, sse4.1, sse4.2, popcnt, lzcnt, tsc, tscinvbit, avx, avx2, aes, erms, clmul, bmi1, bmi2, adx, avx512f, avx512dq, avx512cd, avx512bw, avx512vl, sha, fma, vzeroupper, avx512_vpopcntdq, avx512_vpclmulqdq, avx512_vaes, avx512_vnni, clflush, clflushopt, avx512_vbmi2, avx512_vbmi, rdtscp, rdpid, fsrm, gfni, avx512_bitalg, f16c, pku, avx512_ifma

Memory: 4k page, system-wide physical 7959M (511M free)
TotalPageFile size 32535M (AvailPageFile size 4M)
current process WorkingSet (physical memory assigned to process): 101M, peak: 101M
current process commit charge ("private bytes"): 242M, peak: 247M

vm_info: Java HotSpot(TM) 64-Bit Server VM (20.0.1+9-29) for windows-amd64 JRE (20.0.1+9-29), built on 2023-03-07T13:56:11Z by "mach5one" with MS VC++ 17.1 (VS2022)

END.
